<?xml version="1.0" encoding="UTF-8"?>
<coverage generated="1689861405605" clover="3.2.0">
  <project timestamp="1689861405605" name="All files">
    <metrics statements="23" coveredstatements="2" conditionals="16" coveredconditionals="0" methods="6" coveredmethods="1" elements="45" coveredelements="3" complexity="0" loc="23" ncloc="23" packages="2" files="2" classes="2"/>
    <package name="About">
      <metrics statements="2" coveredstatements="2" conditionals="0" coveredconditionals="0" methods="1" coveredmethods="1"/>
      <file name="index.tsx" path="/Users/piraveenankirupakaran/Documents/UCL/2022-2023/Postgraduate 2022-2023 (Piraveenan)/Term 3/Github/Alert-Hub-Frontend-TS/src/scenes/About/index.tsx">
        <metrics statements="2" coveredstatements="2" conditionals="0" coveredconditionals="0" methods="1" coveredmethods="1"/>
        <line num="11" count="1" type="stmt"/>
        <line num="12" count="4" type="stmt"/>
      </file>
    </package>
    <package name="Login">
      <metrics statements="21" coveredstatements="0" conditionals="16" coveredconditionals="0" methods="5" coveredmethods="0"/>
      <file name="index.tsx" path="/Users/piraveenankirupakaran/Documents/UCL/2022-2023/Postgraduate 2022-2023 (Piraveenan)/Term 3/Github/Alert-Hub-Frontend-TS/src/scenes/Login/index.tsx">
        <metrics statements="21" coveredstatements="0" conditionals="16" coveredconditionals="0" methods="5" coveredmethods="0"/>
        <line num="19" count="0" type="stmt"/>
        <line num="20" count="0" type="stmt"/>
        <line num="22" count="0" type="stmt"/>
        <line num="24" count="0" type="stmt"/>
        <line num="33" count="0" type="stmt"/>
        <line num="34" count="0" type="stmt"/>
        <line num="35" count="0" type="stmt"/>
        <line num="36" count="0" type="stmt"/>
        <line num="37" count="0" type="stmt"/>
        <line num="39" count="0" type="stmt"/>
        <line num="40" count="0" type="stmt"/>
        <line num="44" count="0" type="stmt"/>
        <line num="54" count="0" type="stmt"/>
        <line num="55" count="0" type="stmt"/>
        <line num="56" count="0" type="cond" truecount="0" falsecount="2"/>
        <line num="57" count="0" type="stmt"/>
        <line num="58" count="0" type="stmt"/>
        <line num="63" count="0" type="stmt"/>
        <line num="65" count="0" type="stmt"/>
        <line num="66" count="0" type="stmt"/>
        <line num="69" count="0" type="stmt"/>
      </file>
    </package>
  </project>
</coverage>
