{"/Users/piraveenankirupakaran/Documents/UCL/2022-2023/Postgraduate 2022-2023 (Piraveenan)/Term 3/Github/Alert-Hub-Frontend-TS/src/scenes/About/index.tsx": {"path":"/Users/piraveenankirupakaran/Documents/UCL/2022-2023/Postgraduate 2022-2023 (Piraveenan)/Term 3/Github/Alert-Hub-Frontend-TS/src/scenes/About/index.tsx","statementMap":{"0":{"start":{"line":11,"column":14},"end":{"line":168,"column":1}},"1":{"start":{"line":12,"column":2},"end":{"line":167,"column":4}}},"fnMap":{"0":{"name":"(anonymous_0)","decl":{"start":{"line":11,"column":14},"end":{"line":11,"column":15}},"loc":{"start":{"line":11,"column":20},"end":{"line":168,"column":1}},"line":11}},"branchMap":{},"s":{"0":1,"1":4},"f":{"0":4},"b":{},"_coverageSchema":"1a1c01bbd47fc00a2c39e90264f33305004495a9","hash":"22d1260ba1d5684a7b04a7ae8196f0af6b8bc950"}
,"/Users/piraveenankirupakaran/Documents/UCL/2022-2023/Postgraduate 2022-2023 (Piraveenan)/Term 3/Github/Alert-Hub-Frontend-TS/src/scenes/Login/index.tsx": {"path":"/Users/piraveenankirupakaran/Documents/UCL/2022-2023/Postgraduate 2022-2023 (Piraveenan)/Term 3/Github/Alert-Hub-Frontend-TS/src/scenes/Login/index.tsx","statementMap":{"0":{"start":{"line":19,"column":14},"end":{"line":192,"column":1}},"1":{"start":{"line":20,"column":19},"end":{"line":20,"column":32}},"2":{"start":{"line":22,"column":22},"end":{"line":22,"column":51}},"3":{"start":{"line":24,"column":18},"end":{"line":30,"column":4}},"4":{"start":{"line":33,"column":23},"end":{"line":43,"column":3}},"5":{"start":{"line":34,"column":4},"end":{"line":34,"column":43}},"6":{"start":{"line":35,"column":4},"end":{"line":42,"column":5}},"7":{"start":{"line":36,"column":21},"end":{"line":36,"column":58}},"8":{"start":{"line":37,"column":6},"end":{"line":37,"column":20}},"9":{"start":{"line":39,"column":6},"end":{"line":39,"column":66}},"10":{"start":{"line":40,"column":6},"end":{"line":40,"column":69}},"11":{"start":{"line":44,"column":17},"end":{"line":62,"column":4}},"12":{"start":{"line":54,"column":6},"end":{"line":60,"column":9}},"13":{"start":{"line":55,"column":8},"end":{"line":55,"column":45}},"14":{"start":{"line":56,"column":8},"end":{"line":59,"column":9}},"15":{"start":{"line":57,"column":10},"end":{"line":57,"column":56}},"16":{"start":{"line":58,"column":10},"end":{"line":58,"column":44}},"17":{"start":{"line":63,"column":42},"end":{"line":63,"column":63}},"18":{"start":{"line":65,"column":31},"end":{"line":67,"column":3}},"19":{"start":{"line":66,"column":4},"end":{"line":66,"column":35}},"20":{"start":{"line":69,"column":2},"end":{"line":191,"column":4}}},"fnMap":{"0":{"name":"(anonymous_0)","decl":{"start":{"line":19,"column":14},"end":{"line":19,"column":15}},"loc":{"start":{"line":19,"column":20},"end":{"line":192,"column":1}},"line":19},"1":{"name":"(anonymous_1)","decl":{"start":{"line":33,"column":23},"end":{"line":33,"column":24}},"loc":{"start":{"line":33,"column":49},"end":{"line":43,"column":3}},"line":33},"2":{"name":"(anonymous_2)","decl":{"start":{"line":53,"column":14},"end":{"line":53,"column":15}},"loc":{"start":{"line":53,"column":26},"end":{"line":61,"column":5}},"line":53},"3":{"name":"(anonymous_3)","decl":{"start":{"line":54,"column":32},"end":{"line":54,"column":33}},"loc":{"start":{"line":54,"column":46},"end":{"line":60,"column":7}},"line":54},"4":{"name":"(anonymous_4)","decl":{"start":{"line":65,"column":31},"end":{"line":65,"column":32}},"loc":{"start":{"line":65,"column":37},"end":{"line":67,"column":3}},"line":65}},"branchMap":{"0":{"loc":{"start":{"line":56,"column":8},"end":{"line":59,"column":9}},"type":"if","locations":[{"start":{"line":56,"column":8},"end":{"line":59,"column":9}},{"start":{},"end":{}}],"line":56},"1":{"loc":{"start":{"line":97,"column":23},"end":{"line":97,"column":75}},"type":"binary-expr","locations":[{"start":{"line":97,"column":23},"end":{"line":97,"column":43}},{"start":{"line":97,"column":47},"end":{"line":97,"column":75}}],"line":97},"2":{"loc":{"start":{"line":98,"column":28},"end":{"line":98,"column":71}},"type":"binary-expr","locations":[{"start":{"line":98,"column":28},"end":{"line":98,"column":48}},{"start":{"line":98,"column":52},"end":{"line":98,"column":71}}],"line":98},"3":{"loc":{"start":{"line":106,"column":22},"end":{"line":106,"column":56}},"type":"cond-expr","locations":[{"start":{"line":106,"column":37},"end":{"line":106,"column":43}},{"start":{"line":106,"column":46},"end":{"line":106,"column":56}}],"line":106},"4":{"loc":{"start":{"line":112,"column":18},"end":{"line":112,"column":76}},"type":"binary-expr","locations":[{"start":{"line":112,"column":18},"end":{"line":112,"column":41}},{"start":{"line":112,"column":45},"end":{"line":112,"column":76}}],"line":112},"5":{"loc":{"start":{"line":118,"column":25},"end":{"line":118,"column":74}},"type":"cond-expr","locations":[{"start":{"line":118,"column":40},"end":{"line":118,"column":57}},{"start":{"line":118,"column":60},"end":{"line":118,"column":74}}],"line":118},"6":{"loc":{"start":{"line":123,"column":28},"end":{"line":123,"column":77}},"type":"binary-expr","locations":[{"start":{"line":123,"column":28},"end":{"line":123,"column":51}},{"start":{"line":123,"column":55},"end":{"line":123,"column":77}}],"line":123},"7":{"loc":{"start":{"line":160,"column":26},"end":{"line":160,"column":58}},"type":"binary-expr","locations":[{"start":{"line":160,"column":26},"end":{"line":160,"column":41}},{"start":{"line":160,"column":45},"end":{"line":160,"column":58}}],"line":160}},"s":{"0":0,"1":0,"2":0,"3":0,"4":0,"5":0,"6":0,"7":0,"8":0,"9":0,"10":0,"11":0,"12":0,"13":0,"14":0,"15":0,"16":0,"17":0,"18":0,"19":0,"20":0},"f":{"0":0,"1":0,"2":0,"3":0,"4":0},"b":{"0":[0,0],"1":[0,0],"2":[0,0],"3":[0,0],"4":[0,0],"5":[0,0],"6":[0,0],"7":[0,0]}}
}
