{"/Users/piraveenankirupakaran/Documents/COMP0111/Alert-Hub-Frontend/src/App.tsx": {"path":"/Users/piraveenankirupakaran/Documents/COMP0111/Alert-Hub-Frontend/src/App.tsx","statementMap":{"0":{"start":{"line":53,"column":2},"end":{"line":103,"column":4}}},"fnMap":{"0":{"name":"App","decl":{"start":{"line":34,"column":9},"end":{"line":34,"column":12}},"loc":{"start":{"line":34,"column":15},"end":{"line":104,"column":1}},"line":34}},"branchMap":{},"s":{"0":0},"f":{"0":0},"b":{}}
,"/Users/piraveenankirupakaran/Documents/COMP0111/Alert-Hub-Frontend/src/index.tsx": {"path":"/Users/piraveenankirupakaran/Documents/COMP0111/Alert-Hub-Frontend/src/index.tsx","statementMap":{"0":{"start":{"line":20,"column":17},"end":{"line":20,"column":35}},"1":{"start":{"line":21,"column":17},"end":{"line":21,"column":30}},"2":{"start":{"line":24,"column":0},"end":{"line":25,"column":94}},"3":{"start":{"line":27,"column":13},"end":{"line":29,"column":1}},"4":{"start":{"line":30,"column":0},"end":{"line":45,"column":2}}},"fnMap":{},"branchMap":{},"s":{"0":0,"1":0,"2":0,"3":0,"4":0},"f":{},"b":{}}
,"/Users/piraveenankirupakaran/Documents/COMP0111/Alert-Hub-Frontend/src/theme.tsx": {"path":"/Users/piraveenankirupakaran/Documents/COMP0111/Alert-Hub-Frontend/src/theme.tsx","statementMap":{"0":{"start":{"line":3,"column":28},"end":{"line":132,"column":2}}},"fnMap":{},"branchMap":{},"s":{"0":0},"f":{},"b":{}}
,"/Users/piraveenankirupakaran/Documents/COMP0111/Alert-Hub-Frontend/src/API/ALL_QUERIES.tsx": {"path":"/Users/piraveenankirupakaran/Documents/COMP0111/Alert-Hub-Frontend/src/API/ALL_QUERIES.tsx","statementMap":{"0":{"start":{"line":3,"column":26},"end":{"line":68,"column":1}},"1":{"start":{"line":70,"column":33},"end":{"line":85,"column":1}},"2":{"start":{"line":87,"column":31},"end":{"line":96,"column":1}},"3":{"start":{"line":98,"column":33},"end":{"line":113,"column":1}},"4":{"start":{"line":115,"column":32},"end":{"line":128,"column":1}}},"fnMap":{},"branchMap":{},"s":{"0":1,"1":1,"2":1,"3":1,"4":1},"f":{},"b":{},"_coverageSchema":"1a1c01bbd47fc00a2c39e90264f33305004495a9","hash":"8b1b4f205e368d2a299d947d9427a2f09071efd4"}
,"/Users/piraveenankirupakaran/Documents/COMP0111/Alert-Hub-Frontend/src/API/API_Links.tsx": {"path":"/Users/piraveenankirupakaran/Documents/COMP0111/Alert-Hub-Frontend/src/API/API_Links.tsx","statementMap":{"0":{"start":{"line":2,"column":30},"end":{"line":5,"column":2}},"1":{"start":{"line":7,"column":27},"end":{"line":13,"column":2}},"2":{"start":{"line":15,"column":35},"end":{"line":21,"column":2}}},"fnMap":{},"branchMap":{},"s":{"0":2,"1":2,"2":2},"f":{},"b":{},"_coverageSchema":"1a1c01bbd47fc00a2c39e90264f33305004495a9","hash":"fc2d548eb19f809b5b5c13a6b0bc129cf88d2560"}
,"/Users/piraveenankirupakaran/Documents/COMP0111/Alert-Hub-Frontend/src/API/TYPES.tsx": {"path":"/Users/piraveenankirupakaran/Documents/COMP0111/Alert-Hub-Frontend/src/API/TYPES.tsx","statementMap":{},"fnMap":{},"branchMap":{},"s":{},"f":{},"b":{}}
,"/Users/piraveenankirupakaran/Documents/COMP0111/Alert-Hub-Frontend/src/API/test-performance.tsx": {"path":"/Users/piraveenankirupakaran/Documents/COMP0111/Alert-Hub-Frontend/src/API/test-performance.tsx","statementMap":{"0":{"start":{"line":5,"column":34},"end":{"line":69,"column":1}},"1":{"start":{"line":71,"column":34},"end":{"line":122,"column":1}},"2":{"start":{"line":124,"column":29},"end":{"line":135,"column":1}},"3":{"start":{"line":137,"column":35},"end":{"line":148,"column":1}},"4":{"start":{"line":150,"column":33},"end":{"line":165,"column":1}},"5":{"start":{"line":167,"column":31},"end":{"line":176,"column":1}},"6":{"start":{"line":179,"column":29},"end":{"line":185,"column":4}},"7":{"start":{"line":186,"column":2},"end":{"line":195,"column":4}}},"fnMap":{"0":{"name":"TestPerformance","decl":{"start":{"line":178,"column":24},"end":{"line":178,"column":39}},"loc":{"start":{"line":178,"column":42},"end":{"line":196,"column":1}},"line":178}},"branchMap":{"0":{"loc":{"start":{"line":189,"column":7},"end":{"line":191,"column":7}},"type":"binary-expr","locations":[{"start":{"line":189,"column":7},"end":{"line":189,"column":14}},{"start":{"line":190,"column":8},"end":{"line":190,"column":75}}],"line":189},"1":{"loc":{"start":{"line":192,"column":7},"end":{"line":192,"column":45}},"type":"binary-expr","locations":[{"start":{"line":192,"column":7},"end":{"line":192,"column":12}},{"start":{"line":192,"column":16},"end":{"line":192,"column":45}}],"line":192},"2":{"loc":{"start":{"line":193,"column":7},"end":{"line":193,"column":47}},"type":"binary-expr","locations":[{"start":{"line":193,"column":7},"end":{"line":193,"column":15}},{"start":{"line":193,"column":19},"end":{"line":193,"column":25}},{"start":{"line":193,"column":29},"end":{"line":193,"column":47}}],"line":193}},"s":{"0":0,"1":0,"2":0,"3":0,"4":0,"5":0,"6":0,"7":0},"f":{"0":0},"b":{"0":[0,0],"1":[0,0],"2":[0,0,0]}}
,"/Users/piraveenankirupakaran/Documents/COMP0111/Alert-Hub-Frontend/src/API/mutations/authMutations.tsx": {"path":"/Users/piraveenankirupakaran/Documents/COMP0111/Alert-Hub-Frontend/src/API/mutations/authMutations.tsx","statementMap":{"0":{"start":{"line":3,"column":21},"end":{"line":20,"column":1}},"1":{"start":{"line":22,"column":22},"end":{"line":35,"column":1}},"2":{"start":{"line":37,"column":28},"end":{"line":50,"column":1}},"3":{"start":{"line":52,"column":24},"end":{"line":69,"column":1}},"4":{"start":{"line":71,"column":27},"end":{"line":84,"column":1}},"5":{"start":{"line":86,"column":35},"end":{"line":100,"column":1}},"6":{"start":{"line":102,"column":37},"end":{"line":115,"column":1}},"7":{"start":{"line":117,"column":33},"end":{"line":130,"column":1}},"8":{"start":{"line":132,"column":30},"end":{"line":145,"column":1}},"9":{"start":{"line":147,"column":38},"end":{"line":168,"column":1}},"10":{"start":{"line":170,"column":28},"end":{"line":176,"column":1}}},"fnMap":{},"branchMap":{},"s":{"0":2,"1":2,"2":2,"3":2,"4":2,"5":2,"6":2,"7":2,"8":2,"9":2,"10":2},"f":{},"b":{},"_coverageSchema":"1a1c01bbd47fc00a2c39e90264f33305004495a9","hash":"ec5779791ae47fa07e501bd25d1a2b24917fecad"}
,"/Users/piraveenankirupakaran/Documents/COMP0111/Alert-Hub-Frontend/src/API/mutations/profileMutations.tsx": {"path":"/Users/piraveenankirupakaran/Documents/COMP0111/Alert-Hub-Frontend/src/API/mutations/profileMutations.tsx","statementMap":{"0":{"start":{"line":3,"column":30},"end":{"line":26,"column":1}},"1":{"start":{"line":28,"column":29},"end":{"line":41,"column":1}}},"fnMap":{},"branchMap":{},"s":{"0":1,"1":1},"f":{},"b":{},"_coverageSchema":"1a1c01bbd47fc00a2c39e90264f33305004495a9","hash":"5c85e7aa453ed05975cc9f6ac407b1da02493b24"}
,"/Users/piraveenankirupakaran/Documents/COMP0111/Alert-Hub-Frontend/src/API/mutations/subscriptionMutations.tsx": {"path":"/Users/piraveenankirupakaran/Documents/COMP0111/Alert-Hub-Frontend/src/API/mutations/subscriptionMutations.tsx","statementMap":{"0":{"start":{"line":3,"column":32},"end":{"line":38,"column":1}},"1":{"start":{"line":40,"column":35},"end":{"line":47,"column":1}},"2":{"start":{"line":49,"column":35},"end":{"line":76,"column":1}}},"fnMap":{},"branchMap":{},"s":{"0":0,"1":0,"2":0},"f":{},"b":{}}
,"/Users/piraveenankirupakaran/Documents/COMP0111/Alert-Hub-Frontend/src/Alert-Manager-API/AlertInfo.tsx": {"path":"/Users/piraveenankirupakaran/Documents/COMP0111/Alert-Hub-Frontend/src/Alert-Manager-API/AlertInfo.tsx","statementMap":{"0":{"start":{"line":13,"column":37},"end":{"line":79,"column":1}},"1":{"start":{"line":14,"column":26},"end":{"line":14,"column":54}},"2":{"start":{"line":15,"column":32},"end":{"line":15,"column":46}},"3":{"start":{"line":16,"column":28},"end":{"line":16,"column":57}},"4":{"start":{"line":17,"column":25},"end":{"line":17,"column":52}},"5":{"start":{"line":19,"column":18},"end":{"line":76,"column":3}},"6":{"start":{"line":20,"column":4},"end":{"line":20,"column":61}},"7":{"start":{"line":21,"column":4},"end":{"line":21,"column":40}},"8":{"start":{"line":23,"column":4},"end":{"line":75,"column":5}},"9":{"start":{"line":24,"column":6},"end":{"line":24,"column":23}},"10":{"start":{"line":25,"column":6},"end":{"line":25,"column":21}},"11":{"start":{"line":26,"column":6},"end":{"line":74,"column":7}},"12":{"start":{"line":27,"column":8},"end":{"line":29,"column":9}},"13":{"start":{"line":28,"column":10},"end":{"line":28,"column":55}},"14":{"start":{"line":31,"column":39},"end":{"line":33,"column":9}},"15":{"start":{"line":35,"column":8},"end":{"line":37,"column":9}},"16":{"start":{"line":36,"column":10},"end":{"line":36,"column":55}},"17":{"start":{"line":39,"column":19},"end":{"line":39,"column":32}},"18":{"start":{"line":40,"column":8},"end":{"line":66,"column":11}},"19":{"start":{"line":41,"column":10},"end":{"line":65,"column":13}},"20":{"start":{"line":42,"column":12},"end":{"line":52,"column":13}},"21":{"start":{"line":43,"column":14},"end":{"line":51,"column":17}},"22":{"start":{"line":44,"column":16},"end":{"line":44,"column":54}},"23":{"start":{"line":45,"column":16},"end":{"line":47,"column":18}},"24":{"start":{"line":46,"column":30},"end":{"line":46,"column":36}},"25":{"start":{"line":48,"column":16},"end":{"line":48,"column":41}},"26":{"start":{"line":49,"column":16},"end":{"line":49,"column":37}},"27":{"start":{"line":50,"column":16},"end":{"line":50,"column":31}},"28":{"start":{"line":53,"column":12},"end":{"line":64,"column":13}},"29":{"start":{"line":54,"column":14},"end":{"line":63,"column":17}},"30":{"start":{"line":55,"column":16},"end":{"line":55,"column":52}},"31":{"start":{"line":56,"column":49},"end":{"line":56,"column":72}},"32":{"start":{"line":57,"column":36},"end":{"line":57,"column":77}},"33":{"start":{"line":58,"column":16},"end":{"line":58,"column":65}},"34":{"start":{"line":59,"column":16},"end":{"line":59,"column":39}},"35":{"start":{"line":60,"column":16},"end":{"line":60,"column":49}},"36":{"start":{"line":61,"column":16},"end":{"line":61,"column":36}},"37":{"start":{"line":62,"column":16},"end":{"line":62,"column":30}},"38":{"start":{"line":67,"column":8},"end":{"line":67,"column":22}},"39":{"start":{"line":68,"column":8},"end":{"line":68,"column":26}},"40":{"start":{"line":69,"column":8},"end":{"line":69,"column":41}},"41":{"start":{"line":71,"column":8},"end":{"line":71,"column":35}},"42":{"start":{"line":72,"column":8},"end":{"line":72,"column":32}},"43":{"start":{"line":73,"column":8},"end":{"line":73,"column":26}},"44":{"start":{"line":78,"column":2},"end":{"line":78,"column":43}},"45":{"start":{"line":81,"column":29},"end":{"line":106,"column":1}},"46":{"start":{"line":82,"column":17},"end":{"line":82,"column":44}},"47":{"start":{"line":83,"column":44},"end":{"line":83,"column":67}},"48":{"start":{"line":85,"column":2},"end":{"line":88,"column":11}},"49":{"start":{"line":86,"column":4},"end":{"line":86,"column":24}},"50":{"start":{"line":90,"column":2},"end":{"line":94,"column":29}},"51":{"start":{"line":91,"column":4},"end":{"line":93,"column":5}},"52":{"start":{"line":92,"column":6},"end":{"line":92,"column":24}},"53":{"start":{"line":96,"column":2},"end":{"line":105,"column":4}}},"fnMap":{"0":{"name":"(anonymous_0)","decl":{"start":{"line":13,"column":37},"end":{"line":13,"column":38}},"loc":{"start":{"line":13,"column":43},"end":{"line":79,"column":1}},"line":13},"1":{"name":"(anonymous_1)","decl":{"start":{"line":19,"column":18},"end":{"line":19,"column":19}},"loc":{"start":{"line":19,"column":52},"end":{"line":76,"column":3}},"line":19},"2":{"name":"(anonymous_2)","decl":{"start":{"line":40,"column":27},"end":{"line":40,"column":28}},"loc":{"start":{"line":40,"column":54},"end":{"line":66,"column":9}},"line":40},"3":{"name":"(anonymous_3)","decl":{"start":{"line":41,"column":34},"end":{"line":41,"column":35}},"loc":{"start":{"line":41,"column":49},"end":{"line":65,"column":11}},"line":41},"4":{"name":"(anonymous_4)","decl":{"start":{"line":43,"column":46},"end":{"line":43,"column":47}},"loc":{"start":{"line":43,"column":79},"end":{"line":51,"column":15}},"line":43},"5":{"name":"(anonymous_5)","decl":{"start":{"line":46,"column":18},"end":{"line":46,"column":19}},"loc":{"start":{"line":46,"column":30},"end":{"line":46,"column":36}},"line":46},"6":{"name":"(anonymous_6)","decl":{"start":{"line":54,"column":44},"end":{"line":54,"column":45}},"loc":{"start":{"line":54,"column":76},"end":{"line":63,"column":15}},"line":54},"7":{"name":"(anonymous_7)","decl":{"start":{"line":81,"column":29},"end":{"line":81,"column":30}},"loc":{"start":{"line":81,"column":35},"end":{"line":106,"column":1}},"line":81},"8":{"name":"(anonymous_8)","decl":{"start":{"line":85,"column":10},"end":{"line":85,"column":11}},"loc":{"start":{"line":85,"column":16},"end":{"line":88,"column":3}},"line":85},"9":{"name":"(anonymous_9)","decl":{"start":{"line":90,"column":12},"end":{"line":90,"column":13}},"loc":{"start":{"line":90,"column":18},"end":{"line":94,"column":3}},"line":90}},"branchMap":{"0":{"loc":{"start":{"line":23,"column":4},"end":{"line":75,"column":5}},"type":"if","locations":[{"start":{"line":23,"column":4},"end":{"line":75,"column":5}},{"start":{},"end":{}}],"line":23},"1":{"loc":{"start":{"line":23,"column":8},"end":{"line":23,"column":77}},"type":"binary-expr","locations":[{"start":{"line":23,"column":8},"end":{"line":23,"column":39}},{"start":{"line":23,"column":43},"end":{"line":23,"column":77}}],"line":23},"2":{"loc":{"start":{"line":27,"column":8},"end":{"line":29,"column":9}},"type":"if","locations":[{"start":{"line":27,"column":8},"end":{"line":29,"column":9}},{"start":{},"end":{}}],"line":27},"3":{"loc":{"start":{"line":35,"column":8},"end":{"line":37,"column":9}},"type":"if","locations":[{"start":{"line":35,"column":8},"end":{"line":37,"column":9}},{"start":{},"end":{}}],"line":35},"4":{"loc":{"start":{"line":35,"column":12},"end":{"line":35,"column":69}},"type":"binary-expr","locations":[{"start":{"line":35,"column":12},"end":{"line":35,"column":26}},{"start":{"line":35,"column":30},"end":{"line":35,"column":69}}],"line":35},"5":{"loc":{"start":{"line":42,"column":12},"end":{"line":52,"column":13}},"type":"if","locations":[{"start":{"line":42,"column":12},"end":{"line":52,"column":13}},{"start":{},"end":{}}],"line":42},"6":{"loc":{"start":{"line":53,"column":12},"end":{"line":64,"column":13}},"type":"if","locations":[{"start":{"line":53,"column":12},"end":{"line":64,"column":13}},{"start":{},"end":{}}],"line":53},"7":{"loc":{"start":{"line":91,"column":4},"end":{"line":93,"column":5}},"type":"if","locations":[{"start":{"line":91,"column":4},"end":{"line":93,"column":5}},{"start":{},"end":{}}],"line":91},"8":{"loc":{"start":{"line":91,"column":8},"end":{"line":91,"column":26}},"type":"binary-expr","locations":[{"start":{"line":91,"column":8},"end":{"line":91,"column":16}},{"start":{"line":91,"column":20},"end":{"line":91,"column":26}}],"line":91},"9":{"loc":{"start":{"line":98,"column":7},"end":{"line":98,"column":30}},"type":"binary-expr","locations":[{"start":{"line":98,"column":7},"end":{"line":98,"column":12}},{"start":{"line":98,"column":16},"end":{"line":98,"column":30}}],"line":98},"10":{"loc":{"start":{"line":99,"column":7},"end":{"line":103,"column":7}},"type":"binary-expr","locations":[{"start":{"line":99,"column":7},"end":{"line":99,"column":11}},{"start":{"line":99,"column":15},"end":{"line":99,"column":23}},{"start":{"line":99,"column":27},"end":{"line":99,"column":33}},{"start":{"line":100,"column":8},"end":{"line":102,"column":14}}],"line":99}},"s":{"0":0,"1":0,"2":0,"3":0,"4":0,"5":0,"6":0,"7":0,"8":0,"9":0,"10":0,"11":0,"12":0,"13":0,"14":0,"15":0,"16":0,"17":0,"18":0,"19":0,"20":0,"21":0,"22":0,"23":0,"24":0,"25":0,"26":0,"27":0,"28":0,"29":0,"30":0,"31":0,"32":0,"33":0,"34":0,"35":0,"36":0,"37":0,"38":0,"39":0,"40":0,"41":0,"42":0,"43":0,"44":0,"45":0,"46":0,"47":0,"48":0,"49":0,"50":0,"51":0,"52":0,"53":0},"f":{"0":0,"1":0,"2":0,"3":0,"4":0,"5":0,"6":0,"7":0,"8":0,"9":0},"b":{"0":[0,0],"1":[0,0],"2":[0,0],"3":[0,0],"4":[0,0],"5":[0,0],"6":[0,0],"7":[0,0],"8":[0,0],"9":[0,0],"10":[0,0,0,0]}}
,"/Users/piraveenankirupakaran/Documents/COMP0111/Alert-Hub-Frontend/src/Alert-Manager-API/AllAlerts.tsx": {"path":"/Users/piraveenankirupakaran/Documents/COMP0111/Alert-Hub-Frontend/src/Alert-Manager-API/AllAlerts.tsx","statementMap":{"0":{"start":{"line":11,"column":28},"end":{"line":39,"column":1}},"1":{"start":{"line":12,"column":26},"end":{"line":12,"column":47}},"2":{"start":{"line":13,"column":32},"end":{"line":13,"column":55}},"3":{"start":{"line":14,"column":28},"end":{"line":14,"column":57}},"4":{"start":{"line":16,"column":2},"end":{"line":36,"column":9}},"5":{"start":{"line":17,"column":22},"end":{"line":34,"column":5}},"6":{"start":{"line":18,"column":6},"end":{"line":33,"column":7}},"7":{"start":{"line":19,"column":39},"end":{"line":21,"column":9}},"8":{"start":{"line":23,"column":8},"end":{"line":25,"column":9}},"9":{"start":{"line":24,"column":10},"end":{"line":24,"column":55}},"10":{"start":{"line":27,"column":8},"end":{"line":27,"column":45}},"11":{"start":{"line":28,"column":8},"end":{"line":28,"column":54}},"12":{"start":{"line":29,"column":8},"end":{"line":29,"column":26}},"13":{"start":{"line":31,"column":8},"end":{"line":31,"column":32}},"14":{"start":{"line":32,"column":8},"end":{"line":32,"column":26}},"15":{"start":{"line":35,"column":4},"end":{"line":35,"column":16}},"16":{"start":{"line":38,"column":2},"end":{"line":38,"column":34}},"17":{"start":{"line":41,"column":37},"end":{"line":58,"column":1}},"18":{"start":{"line":42,"column":35},"end":{"line":42,"column":49}},"19":{"start":{"line":44,"column":2},"end":{"line":57,"column":4}},"20":{"start":{"line":52,"column":12},"end":{"line":52,"column":47}}},"fnMap":{"0":{"name":"(anonymous_0)","decl":{"start":{"line":11,"column":28},"end":{"line":11,"column":29}},"loc":{"start":{"line":11,"column":34},"end":{"line":39,"column":1}},"line":11},"1":{"name":"(anonymous_1)","decl":{"start":{"line":16,"column":12},"end":{"line":16,"column":13}},"loc":{"start":{"line":16,"column":18},"end":{"line":36,"column":3}},"line":16},"2":{"name":"(anonymous_2)","decl":{"start":{"line":17,"column":22},"end":{"line":17,"column":23}},"loc":{"start":{"line":17,"column":34},"end":{"line":34,"column":5}},"line":17},"3":{"name":"(anonymous_3)","decl":{"start":{"line":41,"column":37},"end":{"line":41,"column":38}},"loc":{"start":{"line":41,"column":43},"end":{"line":58,"column":1}},"line":41},"4":{"name":"(anonymous_4)","decl":{"start":{"line":51,"column":20},"end":{"line":51,"column":21}},"loc":{"start":{"line":52,"column":12},"end":{"line":52,"column":47}},"line":52}},"branchMap":{"0":{"loc":{"start":{"line":23,"column":8},"end":{"line":25,"column":9}},"type":"if","locations":[{"start":{"line":23,"column":8},"end":{"line":25,"column":9}},{"start":{},"end":{}}],"line":23},"1":{"loc":{"start":{"line":23,"column":12},"end":{"line":23,"column":69}},"type":"binary-expr","locations":[{"start":{"line":23,"column":12},"end":{"line":23,"column":26}},{"start":{"line":23,"column":30},"end":{"line":23,"column":69}}],"line":23},"2":{"loc":{"start":{"line":46,"column":7},"end":{"line":46,"column":35}},"type":"binary-expr","locations":[{"start":{"line":46,"column":7},"end":{"line":46,"column":14}},{"start":{"line":46,"column":18},"end":{"line":46,"column":35}}],"line":46},"3":{"loc":{"start":{"line":47,"column":7},"end":{"line":47,"column":30}},"type":"binary-expr","locations":[{"start":{"line":47,"column":7},"end":{"line":47,"column":12}},{"start":{"line":47,"column":16},"end":{"line":47,"column":30}}],"line":47},"4":{"loc":{"start":{"line":49,"column":7},"end":{"line":55,"column":7}},"type":"binary-expr","locations":[{"start":{"line":49,"column":7},"end":{"line":49,"column":15}},{"start":{"line":49,"column":19},"end":{"line":49,"column":25}},{"start":{"line":50,"column":8},"end":{"line":54,"column":13}}],"line":49}},"s":{"0":0,"1":0,"2":0,"3":0,"4":0,"5":0,"6":0,"7":0,"8":0,"9":0,"10":0,"11":0,"12":0,"13":0,"14":0,"15":0,"16":0,"17":0,"18":0,"19":0,"20":0},"f":{"0":0,"1":0,"2":0,"3":0,"4":0},"b":{"0":[0,0],"1":[0,0],"2":[0,0],"3":[0,0],"4":[0,0,0]}}
,"/Users/piraveenankirupakaran/Documents/COMP0111/Alert-Hub-Frontend/src/Alert-Manager-API/Level1.tsx": {"path":"/Users/piraveenankirupakaran/Documents/COMP0111/Alert-Hub-Frontend/src/Alert-Manager-API/Level1.tsx","statementMap":{"0":{"start":{"line":36,"column":29},"end":{"line":153,"column":1}},"1":{"start":{"line":37,"column":26},"end":{"line":37,"column":59}},"2":{"start":{"line":38,"column":32},"end":{"line":38,"column":55}},"3":{"start":{"line":39,"column":28},"end":{"line":39,"column":57}},"4":{"start":{"line":40,"column":32},"end":{"line":44,"column":4}},"5":{"start":{"line":46,"column":2},"end":{"line":150,"column":16}},"6":{"start":{"line":47,"column":4},"end":{"line":47,"column":40}},"7":{"start":{"line":49,"column":22},"end":{"line":148,"column":5}},"8":{"start":{"line":50,"column":6},"end":{"line":147,"column":7}},"9":{"start":{"line":51,"column":39},"end":{"line":53,"column":9}},"10":{"start":{"line":55,"column":8},"end":{"line":57,"column":9}},"11":{"start":{"line":56,"column":10},"end":{"line":56,"column":55}},"12":{"start":{"line":59,"column":8},"end":{"line":61,"column":9}},"13":{"start":{"line":60,"column":10},"end":{"line":60,"column":55}},"14":{"start":{"line":63,"column":29},"end":{"line":134,"column":10}},"15":{"start":{"line":64,"column":10},"end":{"line":68,"column":11}},"16":{"start":{"line":65,"column":12},"end":{"line":65,"column":59}},"17":{"start":{"line":67,"column":12},"end":{"line":67,"column":64}},"18":{"start":{"line":70,"column":10},"end":{"line":80,"column":11}},"19":{"start":{"line":71,"column":12},"end":{"line":79,"column":13}},"20":{"start":{"line":72,"column":14},"end":{"line":75,"column":16}},"21":{"start":{"line":76,"column":14},"end":{"line":76,"column":36}},"22":{"start":{"line":78,"column":14},"end":{"line":78,"column":65}},"23":{"start":{"line":82,"column":10},"end":{"line":131,"column":11}},"24":{"start":{"line":83,"column":12},"end":{"line":106,"column":14}},"25":{"start":{"line":85,"column":44},"end":{"line":85,"column":59}},"26":{"start":{"line":86,"column":16},"end":{"line":88,"column":17}},"27":{"start":{"line":87,"column":18},"end":{"line":87,"column":30}},"28":{"start":{"line":90,"column":16},"end":{"line":103,"column":17}},"29":{"start":{"line":91,"column":18},"end":{"line":102,"column":19}},"30":{"start":{"line":92,"column":41},"end":{"line":92,"column":66}},"31":{"start":{"line":93,"column":48},"end":{"line":93,"column":66}},"32":{"start":{"line":95,"column":20},"end":{"line":101,"column":21}},"33":{"start":{"line":100,"column":22},"end":{"line":100,"column":35}},"34":{"start":{"line":104,"column":16},"end":{"line":104,"column":28}},"35":{"start":{"line":108,"column":12},"end":{"line":128,"column":13}},"36":{"start":{"line":109,"column":14},"end":{"line":127,"column":17}},"37":{"start":{"line":110,"column":16},"end":{"line":125,"column":17}},"38":{"start":{"line":111,"column":18},"end":{"line":111,"column":67}},"39":{"start":{"line":112,"column":18},"end":{"line":122,"column":19}},"40":{"start":{"line":113,"column":20},"end":{"line":113,"column":50}},"41":{"start":{"line":114,"column":20},"end":{"line":114,"column":75}},"42":{"start":{"line":115,"column":20},"end":{"line":115,"column":43}},"43":{"start":{"line":116,"column":20},"end":{"line":116,"column":48}},"44":{"start":{"line":118,"column":20},"end":{"line":118,"column":45}},"45":{"start":{"line":119,"column":20},"end":{"line":119,"column":70}},"46":{"start":{"line":120,"column":20},"end":{"line":120,"column":43}},"47":{"start":{"line":121,"column":20},"end":{"line":121,"column":48}},"48":{"start":{"line":124,"column":18},"end":{"line":124,"column":76}},"49":{"start":{"line":126,"column":16},"end":{"line":126,"column":31}},"50":{"start":{"line":130,"column":12},"end":{"line":130,"column":50}},"51":{"start":{"line":133,"column":10},"end":{"line":133,"column":24}},"52":{"start":{"line":136,"column":8},"end":{"line":139,"column":11}},"53":{"start":{"line":137,"column":10},"end":{"line":137,"column":30}},"54":{"start":{"line":138,"column":10},"end":{"line":138,"column":45}},"55":{"start":{"line":141,"column":8},"end":{"line":141,"column":32}},"56":{"start":{"line":142,"column":8},"end":{"line":142,"column":57}},"57":{"start":{"line":143,"column":8},"end":{"line":143,"column":26}},"58":{"start":{"line":145,"column":8},"end":{"line":145,"column":32}},"59":{"start":{"line":146,"column":8},"end":{"line":146,"column":26}},"60":{"start":{"line":149,"column":4},"end":{"line":149,"column":16}},"61":{"start":{"line":152,"column":2},"end":{"line":152,"column":46}},"62":{"start":{"line":154,"column":33},"end":{"line":160,"column":1}},"63":{"start":{"line":162,"column":25},"end":{"line":246,"column":1}},"64":{"start":{"line":163,"column":47},"end":{"line":163,"column":62}},"65":{"start":{"line":164,"column":48},"end":{"line":164,"column":68}},"66":{"start":{"line":166,"column":30},"end":{"line":176,"column":3}},"67":{"start":{"line":170,"column":4},"end":{"line":170,"column":36}},"68":{"start":{"line":171,"column":4},"end":{"line":175,"column":7}},"69":{"start":{"line":178,"column":2},"end":{"line":245,"column":4}},"70":{"start":{"line":189,"column":40},"end":{"line":189,"column":46}},"71":{"start":{"line":199,"column":14},"end":{"line":209,"column":16}},"72":{"start":{"line":214,"column":14},"end":{"line":216,"column":15}},"73":{"start":{"line":215,"column":16},"end":{"line":215,"column":40}},"74":{"start":{"line":217,"column":14},"end":{"line":217,"column":50}},"75":{"start":{"line":222,"column":14},"end":{"line":239,"column":19}},"76":{"start":{"line":226,"column":20},"end":{"line":236,"column":23}}},"fnMap":{"0":{"name":"(anonymous_0)","decl":{"start":{"line":36,"column":29},"end":{"line":36,"column":30}},"loc":{"start":{"line":36,"column":35},"end":{"line":153,"column":1}},"line":36},"1":{"name":"(anonymous_1)","decl":{"start":{"line":46,"column":12},"end":{"line":46,"column":13}},"loc":{"start":{"line":46,"column":18},"end":{"line":150,"column":3}},"line":46},"2":{"name":"(anonymous_2)","decl":{"start":{"line":49,"column":22},"end":{"line":49,"column":23}},"loc":{"start":{"line":49,"column":34},"end":{"line":148,"column":5}},"line":49},"3":{"name":"(anonymous_3)","decl":{"start":{"line":63,"column":55},"end":{"line":63,"column":56}},"loc":{"start":{"line":63,"column":72},"end":{"line":134,"column":9}},"line":63},"4":{"name":"(anonymous_4)","decl":{"start":{"line":84,"column":14},"end":{"line":84,"column":15}},"loc":{"start":{"line":84,"column":48},"end":{"line":105,"column":15}},"line":84},"5":{"name":"(anonymous_5)","decl":{"start":{"line":109,"column":54},"end":{"line":109,"column":55}},"loc":{"start":{"line":109,"column":72},"end":{"line":127,"column":15}},"line":109},"6":{"name":"(anonymous_6)","decl":{"start":{"line":136,"column":47},"end":{"line":136,"column":48}},"loc":{"start":{"line":136,"column":59},"end":{"line":139,"column":9}},"line":136},"7":{"name":"(anonymous_7)","decl":{"start":{"line":162,"column":25},"end":{"line":162,"column":26}},"loc":{"start":{"line":162,"column":31},"end":{"line":246,"column":1}},"line":162},"8":{"name":"(anonymous_8)","decl":{"start":{"line":166,"column":30},"end":{"line":166,"column":31}},"loc":{"start":{"line":169,"column":7},"end":{"line":176,"column":3}},"line":169},"9":{"name":"(anonymous_9)","decl":{"start":{"line":189,"column":28},"end":{"line":189,"column":29}},"loc":{"start":{"line":189,"column":40},"end":{"line":189,"column":46}},"line":189},"10":{"name":"(anonymous_10)","decl":{"start":{"line":198,"column":25},"end":{"line":198,"column":26}},"loc":{"start":{"line":199,"column":14},"end":{"line":209,"column":16}},"line":199},"11":{"name":"(anonymous_11)","decl":{"start":{"line":213,"column":34},"end":{"line":213,"column":35}},"loc":{"start":{"line":213,"column":63},"end":{"line":218,"column":13}},"line":213},"12":{"name":"(anonymous_12)","decl":{"start":{"line":221,"column":22},"end":{"line":221,"column":23}},"loc":{"start":{"line":222,"column":14},"end":{"line":239,"column":19}},"line":222},"13":{"name":"(anonymous_13)","decl":{"start":{"line":225,"column":41},"end":{"line":225,"column":42}},"loc":{"start":{"line":226,"column":20},"end":{"line":236,"column":23}},"line":226}},"branchMap":{"0":{"loc":{"start":{"line":55,"column":8},"end":{"line":57,"column":9}},"type":"if","locations":[{"start":{"line":55,"column":8},"end":{"line":57,"column":9}},{"start":{},"end":{}}],"line":55},"1":{"loc":{"start":{"line":55,"column":12},"end":{"line":55,"column":69}},"type":"binary-expr","locations":[{"start":{"line":55,"column":12},"end":{"line":55,"column":26}},{"start":{"line":55,"column":30},"end":{"line":55,"column":69}}],"line":55},"2":{"loc":{"start":{"line":59,"column":8},"end":{"line":61,"column":9}},"type":"if","locations":[{"start":{"line":59,"column":8},"end":{"line":61,"column":9}},{"start":{},"end":{}}],"line":59},"3":{"loc":{"start":{"line":59,"column":12},"end":{"line":59,"column":72}},"type":"binary-expr","locations":[{"start":{"line":59,"column":12},"end":{"line":59,"column":34}},{"start":{"line":59,"column":38},"end":{"line":59,"column":72}}],"line":59},"4":{"loc":{"start":{"line":70,"column":10},"end":{"line":80,"column":11}},"type":"if","locations":[{"start":{"line":70,"column":10},"end":{"line":80,"column":11}},{"start":{},"end":{}}],"line":70},"5":{"loc":{"start":{"line":82,"column":10},"end":{"line":131,"column":11}},"type":"if","locations":[{"start":{"line":82,"column":10},"end":{"line":131,"column":11}},{"start":{"line":129,"column":17},"end":{"line":131,"column":11}}],"line":82},"6":{"loc":{"start":{"line":82,"column":14},"end":{"line":82,"column":61}},"type":"binary-expr","locations":[{"start":{"line":82,"column":14},"end":{"line":82,"column":30}},{"start":{"line":82,"column":34},"end":{"line":82,"column":61}}],"line":82},"7":{"loc":{"start":{"line":86,"column":16},"end":{"line":88,"column":17}},"type":"if","locations":[{"start":{"line":86,"column":16},"end":{"line":88,"column":17}},{"start":{},"end":{}}],"line":86},"8":{"loc":{"start":{"line":91,"column":18},"end":{"line":102,"column":19}},"type":"if","locations":[{"start":{"line":91,"column":18},"end":{"line":102,"column":19}},{"start":{},"end":{}}],"line":91},"9":{"loc":{"start":{"line":95,"column":20},"end":{"line":101,"column":21}},"type":"if","locations":[{"start":{"line":95,"column":20},"end":{"line":101,"column":21}},{"start":{},"end":{}}],"line":95},"10":{"loc":{"start":{"line":96,"column":22},"end":{"line":98,"column":65}},"type":"binary-expr","locations":[{"start":{"line":96,"column":22},"end":{"line":96,"column":41}},{"start":{"line":97,"column":22},"end":{"line":97,"column":48}},{"start":{"line":98,"column":22},"end":{"line":98,"column":65}}],"line":96},"11":{"loc":{"start":{"line":108,"column":12},"end":{"line":128,"column":13}},"type":"if","locations":[{"start":{"line":108,"column":12},"end":{"line":128,"column":13}},{"start":{},"end":{}}],"line":108},"12":{"loc":{"start":{"line":112,"column":18},"end":{"line":122,"column":19}},"type":"if","locations":[{"start":{"line":112,"column":18},"end":{"line":122,"column":19}},{"start":{"line":117,"column":25},"end":{"line":122,"column":19}}],"line":112},"13":{"loc":{"start":{"line":170,"column":23},"end":{"line":170,"column":34}},"type":"binary-expr","locations":[{"start":{"line":170,"column":23},"end":{"line":170,"column":28}},{"start":{"line":170,"column":32},"end":{"line":170,"column":34}}],"line":170},"14":{"loc":{"start":{"line":172,"column":15},"end":{"line":172,"column":26}},"type":"binary-expr","locations":[{"start":{"line":172,"column":15},"end":{"line":172,"column":20}},{"start":{"line":172,"column":24},"end":{"line":172,"column":26}}],"line":172},"15":{"loc":{"start":{"line":180,"column":7},"end":{"line":180,"column":35}},"type":"binary-expr","locations":[{"start":{"line":180,"column":7},"end":{"line":180,"column":14}},{"start":{"line":180,"column":18},"end":{"line":180,"column":35}}],"line":180},"16":{"loc":{"start":{"line":181,"column":7},"end":{"line":181,"column":30}},"type":"binary-expr","locations":[{"start":{"line":181,"column":7},"end":{"line":181,"column":12}},{"start":{"line":181,"column":16},"end":{"line":181,"column":30}}],"line":181},"17":{"loc":{"start":{"line":183,"column":7},"end":{"line":243,"column":7}},"type":"binary-expr","locations":[{"start":{"line":183,"column":7},"end":{"line":183,"column":15}},{"start":{"line":183,"column":19},"end":{"line":183,"column":25}},{"start":{"line":184,"column":8},"end":{"line":242,"column":11}}],"line":183},"18":{"loc":{"start":{"line":214,"column":14},"end":{"line":216,"column":15}},"type":"if","locations":[{"start":{"line":214,"column":14},"end":{"line":216,"column":15}},{"start":{},"end":{}}],"line":214},"19":{"loc":{"start":{"line":214,"column":18},"end":{"line":214,"column":51}},"type":"binary-expr","locations":[{"start":{"line":214,"column":18},"end":{"line":214,"column":33}},{"start":{"line":214,"column":37},"end":{"line":214,"column":51}}],"line":214}},"s":{"0":0,"1":0,"2":0,"3":0,"4":0,"5":0,"6":0,"7":0,"8":0,"9":0,"10":0,"11":0,"12":0,"13":0,"14":0,"15":0,"16":0,"17":0,"18":0,"19":0,"20":0,"21":0,"22":0,"23":0,"24":0,"25":0,"26":0,"27":0,"28":0,"29":0,"30":0,"31":0,"32":0,"33":0,"34":0,"35":0,"36":0,"37":0,"38":0,"39":0,"40":0,"41":0,"42":0,"43":0,"44":0,"45":0,"46":0,"47":0,"48":0,"49":0,"50":0,"51":0,"52":0,"53":0,"54":0,"55":0,"56":0,"57":0,"58":0,"59":0,"60":0,"61":0,"62":0,"63":0,"64":0,"65":0,"66":0,"67":0,"68":0,"69":0,"70":0,"71":0,"72":0,"73":0,"74":0,"75":0,"76":0},"f":{"0":0,"1":0,"2":0,"3":0,"4":0,"5":0,"6":0,"7":0,"8":0,"9":0,"10":0,"11":0,"12":0,"13":0},"b":{"0":[0,0],"1":[0,0],"2":[0,0],"3":[0,0],"4":[0,0],"5":[0,0],"6":[0,0],"7":[0,0],"8":[0,0],"9":[0,0],"10":[0,0,0],"11":[0,0],"12":[0,0],"13":[0,0],"14":[0,0],"15":[0,0],"16":[0,0],"17":[0,0,0],"18":[0,0],"19":[0,0]}}
,"/Users/piraveenankirupakaran/Documents/COMP0111/Alert-Hub-Frontend/src/Alert-Manager-API/Level2.tsx": {"path":"/Users/piraveenankirupakaran/Documents/COMP0111/Alert-Hub-Frontend/src/Alert-Manager-API/Level2.tsx","statementMap":{"0":{"start":{"line":22,"column":29},"end":{"line":121,"column":1}},"1":{"start":{"line":23,"column":26},"end":{"line":23,"column":58}},"2":{"start":{"line":24,"column":32},"end":{"line":24,"column":46}},"3":{"start":{"line":25,"column":28},"end":{"line":25,"column":57}},"4":{"start":{"line":26,"column":32},"end":{"line":26,"column":49}},"5":{"start":{"line":27,"column":36},"end":{"line":27,"column":65}},"6":{"start":{"line":29,"column":18},"end":{"line":31,"column":3}},"7":{"start":{"line":30,"column":4},"end":{"line":30,"column":28}},"8":{"start":{"line":33,"column":2},"end":{"line":119,"column":27}},"9":{"start":{"line":34,"column":4},"end":{"line":34,"column":40}},"10":{"start":{"line":35,"column":4},"end":{"line":35,"column":21}},"11":{"start":{"line":36,"column":4},"end":{"line":36,"column":19}},"12":{"start":{"line":37,"column":4},"end":{"line":118,"column":5}},"13":{"start":{"line":38,"column":24},"end":{"line":116,"column":7}},"14":{"start":{"line":39,"column":8},"end":{"line":115,"column":9}},"15":{"start":{"line":40,"column":10},"end":{"line":42,"column":11}},"16":{"start":{"line":41,"column":12},"end":{"line":41,"column":59}},"17":{"start":{"line":44,"column":41},"end":{"line":46,"column":11}},"18":{"start":{"line":48,"column":10},"end":{"line":50,"column":11}},"19":{"start":{"line":49,"column":12},"end":{"line":49,"column":57}},"20":{"start":{"line":51,"column":10},"end":{"line":56,"column":11}},"21":{"start":{"line":55,"column":12},"end":{"line":55,"column":49}},"22":{"start":{"line":58,"column":34},"end":{"line":58,"column":54}},"23":{"start":{"line":60,"column":10},"end":{"line":108,"column":11}},"24":{"start":{"line":61,"column":12},"end":{"line":84,"column":14}},"25":{"start":{"line":63,"column":42},"end":{"line":63,"column":56}},"26":{"start":{"line":64,"column":16},"end":{"line":66,"column":17}},"27":{"start":{"line":65,"column":18},"end":{"line":65,"column":30}},"28":{"start":{"line":68,"column":16},"end":{"line":81,"column":17}},"29":{"start":{"line":69,"column":18},"end":{"line":80,"column":19}},"30":{"start":{"line":70,"column":41},"end":{"line":70,"column":64}},"31":{"start":{"line":71,"column":48},"end":{"line":71,"column":66}},"32":{"start":{"line":73,"column":20},"end":{"line":79,"column":21}},"33":{"start":{"line":78,"column":22},"end":{"line":78,"column":35}},"34":{"start":{"line":82,"column":16},"end":{"line":82,"column":28}},"35":{"start":{"line":85,"column":12},"end":{"line":102,"column":13}},"36":{"start":{"line":86,"column":14},"end":{"line":100,"column":17}},"37":{"start":{"line":87,"column":16},"end":{"line":97,"column":17}},"38":{"start":{"line":88,"column":18},"end":{"line":88,"column":47}},"39":{"start":{"line":89,"column":18},"end":{"line":89,"column":71}},"40":{"start":{"line":90,"column":18},"end":{"line":90,"column":40}},"41":{"start":{"line":91,"column":18},"end":{"line":91,"column":45}},"42":{"start":{"line":93,"column":18},"end":{"line":93,"column":42}},"43":{"start":{"line":94,"column":18},"end":{"line":94,"column":66}},"44":{"start":{"line":95,"column":18},"end":{"line":95,"column":40}},"45":{"start":{"line":96,"column":18},"end":{"line":96,"column":45}},"46":{"start":{"line":99,"column":16},"end":{"line":99,"column":30}},"47":{"start":{"line":103,"column":12},"end":{"line":105,"column":13}},"48":{"start":{"line":104,"column":14},"end":{"line":104,"column":49}},"49":{"start":{"line":107,"column":12},"end":{"line":107,"column":47}},"50":{"start":{"line":109,"column":10},"end":{"line":109,"column":39}},"51":{"start":{"line":110,"column":10},"end":{"line":110,"column":28}},"52":{"start":{"line":112,"column":10},"end":{"line":112,"column":37}},"53":{"start":{"line":113,"column":10},"end":{"line":113,"column":34}},"54":{"start":{"line":114,"column":10},"end":{"line":114,"column":28}},"55":{"start":{"line":117,"column":6},"end":{"line":117,"column":18}},"56":{"start":{"line":120,"column":2},"end":{"line":120,"column":55}},"57":{"start":{"line":122,"column":33},"end":{"line":128,"column":1}},"58":{"start":{"line":129,"column":25},"end":{"line":226,"column":1}},"59":{"start":{"line":130,"column":36},"end":{"line":130,"column":57}},"60":{"start":{"line":131,"column":56},"end":{"line":131,"column":71}},"61":{"start":{"line":133,"column":22},"end":{"line":137,"column":3}},"62":{"start":{"line":134,"column":4},"end":{"line":136,"column":5}},"63":{"start":{"line":135,"column":6},"end":{"line":135,"column":25}},"64":{"start":{"line":138,"column":48},"end":{"line":138,"column":68}},"65":{"start":{"line":140,"column":30},"end":{"line":152,"column":3}},"66":{"start":{"line":144,"column":4},"end":{"line":144,"column":23}},"67":{"start":{"line":145,"column":4},"end":{"line":145,"column":36}},"68":{"start":{"line":146,"column":4},"end":{"line":150,"column":7}},"69":{"start":{"line":151,"column":4},"end":{"line":151,"column":40}},"70":{"start":{"line":153,"column":2},"end":{"line":225,"column":4}},"71":{"start":{"line":160,"column":27},"end":{"line":160,"column":63}},"72":{"start":{"line":173,"column":40},"end":{"line":173,"column":46}},"73":{"start":{"line":183,"column":14},"end":{"line":193,"column":16}},"74":{"start":{"line":198,"column":14},"end":{"line":200,"column":15}},"75":{"start":{"line":199,"column":16},"end":{"line":199,"column":40}},"76":{"start":{"line":201,"column":14},"end":{"line":201,"column":50}},"77":{"start":{"line":209,"column":18},"end":{"line":216,"column":23}}},"fnMap":{"0":{"name":"(anonymous_0)","decl":{"start":{"line":22,"column":29},"end":{"line":22,"column":30}},"loc":{"start":{"line":22,"column":35},"end":{"line":121,"column":1}},"line":22},"1":{"name":"(anonymous_1)","decl":{"start":{"line":29,"column":18},"end":{"line":29,"column":19}},"loc":{"start":{"line":29,"column":47},"end":{"line":31,"column":3}},"line":29},"2":{"name":"(anonymous_2)","decl":{"start":{"line":33,"column":12},"end":{"line":33,"column":13}},"loc":{"start":{"line":33,"column":18},"end":{"line":119,"column":3}},"line":33},"3":{"name":"(anonymous_3)","decl":{"start":{"line":38,"column":24},"end":{"line":38,"column":25}},"loc":{"start":{"line":38,"column":36},"end":{"line":116,"column":7}},"line":38},"4":{"name":"(anonymous_4)","decl":{"start":{"line":62,"column":14},"end":{"line":62,"column":15}},"loc":{"start":{"line":62,"column":46},"end":{"line":83,"column":15}},"line":62},"5":{"name":"(anonymous_5)","decl":{"start":{"line":86,"column":62},"end":{"line":86,"column":63}},"loc":{"start":{"line":86,"column":79},"end":{"line":100,"column":15}},"line":86},"6":{"name":"(anonymous_6)","decl":{"start":{"line":129,"column":25},"end":{"line":129,"column":26}},"loc":{"start":{"line":129,"column":31},"end":{"line":226,"column":1}},"line":129},"7":{"name":"(anonymous_7)","decl":{"start":{"line":133,"column":22},"end":{"line":133,"column":23}},"loc":{"start":{"line":133,"column":28},"end":{"line":137,"column":3}},"line":133},"8":{"name":"(anonymous_8)","decl":{"start":{"line":140,"column":30},"end":{"line":140,"column":31}},"loc":{"start":{"line":143,"column":7},"end":{"line":152,"column":3}},"line":143},"9":{"name":"(anonymous_9)","decl":{"start":{"line":160,"column":20},"end":{"line":160,"column":21}},"loc":{"start":{"line":160,"column":27},"end":{"line":160,"column":63}},"line":160},"10":{"name":"(anonymous_10)","decl":{"start":{"line":173,"column":28},"end":{"line":173,"column":29}},"loc":{"start":{"line":173,"column":40},"end":{"line":173,"column":46}},"line":173},"11":{"name":"(anonymous_11)","decl":{"start":{"line":182,"column":25},"end":{"line":182,"column":26}},"loc":{"start":{"line":183,"column":14},"end":{"line":193,"column":16}},"line":183},"12":{"name":"(anonymous_12)","decl":{"start":{"line":197,"column":34},"end":{"line":197,"column":35}},"loc":{"start":{"line":197,"column":63},"end":{"line":202,"column":13}},"line":197},"13":{"name":"(anonymous_13)","decl":{"start":{"line":208,"column":35},"end":{"line":208,"column":36}},"loc":{"start":{"line":209,"column":18},"end":{"line":216,"column":23}},"line":209}},"branchMap":{"0":{"loc":{"start":{"line":37,"column":4},"end":{"line":118,"column":5}},"type":"if","locations":[{"start":{"line":37,"column":4},"end":{"line":118,"column":5}},{"start":{},"end":{}}],"line":37},"1":{"loc":{"start":{"line":40,"column":10},"end":{"line":42,"column":11}},"type":"if","locations":[{"start":{"line":40,"column":10},"end":{"line":42,"column":11}},{"start":{},"end":{}}],"line":40},"2":{"loc":{"start":{"line":48,"column":10},"end":{"line":50,"column":11}},"type":"if","locations":[{"start":{"line":48,"column":10},"end":{"line":50,"column":11}},{"start":{},"end":{}}],"line":48},"3":{"loc":{"start":{"line":48,"column":14},"end":{"line":48,"column":71}},"type":"binary-expr","locations":[{"start":{"line":48,"column":14},"end":{"line":48,"column":28}},{"start":{"line":48,"column":32},"end":{"line":48,"column":71}}],"line":48},"4":{"loc":{"start":{"line":51,"column":10},"end":{"line":56,"column":11}},"type":"if","locations":[{"start":{"line":51,"column":10},"end":{"line":56,"column":11}},{"start":{},"end":{}}],"line":51},"5":{"loc":{"start":{"line":52,"column":12},"end":{"line":53,"column":50}},"type":"binary-expr","locations":[{"start":{"line":52,"column":12},"end":{"line":52,"column":36}},{"start":{"line":53,"column":12},"end":{"line":53,"column":50}}],"line":52},"6":{"loc":{"start":{"line":60,"column":10},"end":{"line":108,"column":11}},"type":"if","locations":[{"start":{"line":60,"column":10},"end":{"line":108,"column":11}},{"start":{"line":106,"column":17},"end":{"line":108,"column":11}}],"line":60},"7":{"loc":{"start":{"line":60,"column":14},"end":{"line":60,"column":69}},"type":"binary-expr","locations":[{"start":{"line":60,"column":14},"end":{"line":60,"column":34}},{"start":{"line":60,"column":38},"end":{"line":60,"column":69}}],"line":60},"8":{"loc":{"start":{"line":64,"column":16},"end":{"line":66,"column":17}},"type":"if","locations":[{"start":{"line":64,"column":16},"end":{"line":66,"column":17}},{"start":{},"end":{}}],"line":64},"9":{"loc":{"start":{"line":69,"column":18},"end":{"line":80,"column":19}},"type":"if","locations":[{"start":{"line":69,"column":18},"end":{"line":80,"column":19}},{"start":{},"end":{}}],"line":69},"10":{"loc":{"start":{"line":73,"column":20},"end":{"line":79,"column":21}},"type":"if","locations":[{"start":{"line":73,"column":20},"end":{"line":79,"column":21}},{"start":{},"end":{}}],"line":73},"11":{"loc":{"start":{"line":74,"column":22},"end":{"line":76,"column":65}},"type":"binary-expr","locations":[{"start":{"line":74,"column":22},"end":{"line":74,"column":41}},{"start":{"line":75,"column":22},"end":{"line":75,"column":48}},{"start":{"line":76,"column":22},"end":{"line":76,"column":65}}],"line":74},"12":{"loc":{"start":{"line":85,"column":12},"end":{"line":102,"column":13}},"type":"if","locations":[{"start":{"line":85,"column":12},"end":{"line":102,"column":13}},{"start":{},"end":{}}],"line":85},"13":{"loc":{"start":{"line":87,"column":16},"end":{"line":97,"column":17}},"type":"if","locations":[{"start":{"line":87,"column":16},"end":{"line":97,"column":17}},{"start":{"line":92,"column":23},"end":{"line":97,"column":17}}],"line":87},"14":{"loc":{"start":{"line":103,"column":12},"end":{"line":105,"column":13}},"type":"if","locations":[{"start":{"line":103,"column":12},"end":{"line":105,"column":13}},{"start":{},"end":{}}],"line":103},"15":{"loc":{"start":{"line":134,"column":4},"end":{"line":136,"column":5}},"type":"if","locations":[{"start":{"line":134,"column":4},"end":{"line":136,"column":5}},{"start":{},"end":{}}],"line":134},"16":{"loc":{"start":{"line":145,"column":23},"end":{"line":145,"column":34}},"type":"binary-expr","locations":[{"start":{"line":145,"column":23},"end":{"line":145,"column":28}},{"start":{"line":145,"column":32},"end":{"line":145,"column":34}}],"line":145},"17":{"loc":{"start":{"line":147,"column":15},"end":{"line":147,"column":26}},"type":"binary-expr","locations":[{"start":{"line":147,"column":15},"end":{"line":147,"column":20}},{"start":{"line":147,"column":24},"end":{"line":147,"column":26}}],"line":147},"18":{"loc":{"start":{"line":165,"column":7},"end":{"line":165,"column":35}},"type":"binary-expr","locations":[{"start":{"line":165,"column":7},"end":{"line":165,"column":14}},{"start":{"line":165,"column":18},"end":{"line":165,"column":35}}],"line":165},"19":{"loc":{"start":{"line":166,"column":7},"end":{"line":222,"column":7}},"type":"binary-expr","locations":[{"start":{"line":166,"column":7},"end":{"line":166,"column":15}},{"start":{"line":166,"column":19},"end":{"line":166,"column":25}},{"start":{"line":166,"column":29},"end":{"line":166,"column":33}},{"start":{"line":167,"column":8},"end":{"line":221,"column":11}}],"line":166},"20":{"loc":{"start":{"line":198,"column":14},"end":{"line":200,"column":15}},"type":"if","locations":[{"start":{"line":198,"column":14},"end":{"line":200,"column":15}},{"start":{},"end":{}}],"line":198},"21":{"loc":{"start":{"line":198,"column":18},"end":{"line":198,"column":51}},"type":"binary-expr","locations":[{"start":{"line":198,"column":18},"end":{"line":198,"column":33}},{"start":{"line":198,"column":37},"end":{"line":198,"column":51}}],"line":198},"22":{"loc":{"start":{"line":223,"column":7},"end":{"line":223,"column":30}},"type":"binary-expr","locations":[{"start":{"line":223,"column":7},"end":{"line":223,"column":12}},{"start":{"line":223,"column":16},"end":{"line":223,"column":30}}],"line":223}},"s":{"0":0,"1":0,"2":0,"3":0,"4":0,"5":0,"6":0,"7":0,"8":0,"9":0,"10":0,"11":0,"12":0,"13":0,"14":0,"15":0,"16":0,"17":0,"18":0,"19":0,"20":0,"21":0,"22":0,"23":0,"24":0,"25":0,"26":0,"27":0,"28":0,"29":0,"30":0,"31":0,"32":0,"33":0,"34":0,"35":0,"36":0,"37":0,"38":0,"39":0,"40":0,"41":0,"42":0,"43":0,"44":0,"45":0,"46":0,"47":0,"48":0,"49":0,"50":0,"51":0,"52":0,"53":0,"54":0,"55":0,"56":0,"57":0,"58":0,"59":0,"60":0,"61":0,"62":0,"63":0,"64":0,"65":0,"66":0,"67":0,"68":0,"69":0,"70":0,"71":0,"72":0,"73":0,"74":0,"75":0,"76":0,"77":0},"f":{"0":0,"1":0,"2":0,"3":0,"4":0,"5":0,"6":0,"7":0,"8":0,"9":0,"10":0,"11":0,"12":0,"13":0},"b":{"0":[0,0],"1":[0,0],"2":[0,0],"3":[0,0],"4":[0,0],"5":[0,0],"6":[0,0],"7":[0,0],"8":[0,0],"9":[0,0],"10":[0,0],"11":[0,0,0],"12":[0,0],"13":[0,0],"14":[0,0],"15":[0,0],"16":[0,0],"17":[0,0],"18":[0,0],"19":[0,0,0,0],"20":[0,0],"21":[0,0],"22":[0,0]}}
,"/Users/piraveenankirupakaran/Documents/COMP0111/Alert-Hub-Frontend/src/Alert-Manager-API/Level3.tsx": {"path":"/Users/piraveenankirupakaran/Documents/COMP0111/Alert-Hub-Frontend/src/Alert-Manager-API/Level3.tsx","statementMap":{"0":{"start":{"line":60,"column":29},"end":{"line":138,"column":1}},"1":{"start":{"line":61,"column":26},"end":{"line":61,"column":55}},"2":{"start":{"line":62,"column":32},"end":{"line":62,"column":46}},"3":{"start":{"line":63,"column":28},"end":{"line":63,"column":57}},"4":{"start":{"line":64,"column":36},"end":{"line":64,"column":65}},"5":{"start":{"line":65,"column":32},"end":{"line":65,"column":49}},"6":{"start":{"line":67,"column":18},"end":{"line":69,"column":3}},"7":{"start":{"line":68,"column":4},"end":{"line":68,"column":28}},"8":{"start":{"line":71,"column":2},"end":{"line":135,"column":27}},"9":{"start":{"line":72,"column":4},"end":{"line":72,"column":40}},"10":{"start":{"line":74,"column":4},"end":{"line":74,"column":21}},"11":{"start":{"line":75,"column":4},"end":{"line":75,"column":19}},"12":{"start":{"line":76,"column":4},"end":{"line":134,"column":5}},"13":{"start":{"line":77,"column":24},"end":{"line":132,"column":7}},"14":{"start":{"line":78,"column":8},"end":{"line":131,"column":9}},"15":{"start":{"line":79,"column":41},"end":{"line":81,"column":11}},"16":{"start":{"line":83,"column":10},"end":{"line":85,"column":11}},"17":{"start":{"line":84,"column":12},"end":{"line":84,"column":57}},"18":{"start":{"line":87,"column":10},"end":{"line":92,"column":11}},"19":{"start":{"line":91,"column":12},"end":{"line":91,"column":49}},"20":{"start":{"line":93,"column":34},"end":{"line":93,"column":54}},"21":{"start":{"line":95,"column":10},"end":{"line":124,"column":11}},"22":{"start":{"line":96,"column":35},"end":{"line":115,"column":13}},"23":{"start":{"line":98,"column":43},"end":{"line":111,"column":17}},"24":{"start":{"line":100,"column":20},"end":{"line":109,"column":23}},"25":{"start":{"line":101,"column":44},"end":{"line":101,"column":76}},"26":{"start":{"line":102,"column":22},"end":{"line":104,"column":23}},"27":{"start":{"line":103,"column":24},"end":{"line":103,"column":36}},"28":{"start":{"line":105,"column":40},"end":{"line":107,"column":37}},"29":{"start":{"line":108,"column":22},"end":{"line":108,"column":57}},"30":{"start":{"line":113,"column":16},"end":{"line":113,"column":42}},"31":{"start":{"line":117,"column":33},"end":{"line":120,"column":13}},"32":{"start":{"line":121,"column":12},"end":{"line":121,"column":41}},"33":{"start":{"line":123,"column":12},"end":{"line":123,"column":47}},"34":{"start":{"line":126,"column":10},"end":{"line":126,"column":28}},"35":{"start":{"line":128,"column":10},"end":{"line":128,"column":63}},"36":{"start":{"line":129,"column":10},"end":{"line":129,"column":34}},"37":{"start":{"line":130,"column":10},"end":{"line":130,"column":28}},"38":{"start":{"line":133,"column":6},"end":{"line":133,"column":18}},"39":{"start":{"line":137,"column":2},"end":{"line":137,"column":55}},"40":{"start":{"line":139,"column":33},"end":{"line":145,"column":1}},"41":{"start":{"line":147,"column":25},"end":{"line":231,"column":1}},"42":{"start":{"line":148,"column":34},"end":{"line":148,"column":56}},"43":{"start":{"line":149,"column":56},"end":{"line":149,"column":71}},"44":{"start":{"line":151,"column":22},"end":{"line":155,"column":3}},"45":{"start":{"line":152,"column":4},"end":{"line":154,"column":5}},"46":{"start":{"line":153,"column":6},"end":{"line":153,"column":24}},"47":{"start":{"line":157,"column":48},"end":{"line":157,"column":68}},"48":{"start":{"line":159,"column":30},"end":{"line":169,"column":3}},"49":{"start":{"line":163,"column":4},"end":{"line":163,"column":36}},"50":{"start":{"line":164,"column":4},"end":{"line":168,"column":7}},"51":{"start":{"line":171,"column":2},"end":{"line":230,"column":4}},"52":{"start":{"line":178,"column":27},"end":{"line":178,"column":62}},"53":{"start":{"line":190,"column":40},"end":{"line":190,"column":46}},"54":{"start":{"line":200,"column":14},"end":{"line":210,"column":16}},"55":{"start":{"line":215,"column":14},"end":{"line":217,"column":15}},"56":{"start":{"line":216,"column":16},"end":{"line":216,"column":40}},"57":{"start":{"line":218,"column":14},"end":{"line":218,"column":50}},"58":{"start":{"line":223,"column":14},"end":{"line":223,"column":58}}},"fnMap":{"0":{"name":"(anonymous_0)","decl":{"start":{"line":60,"column":29},"end":{"line":60,"column":30}},"loc":{"start":{"line":60,"column":35},"end":{"line":138,"column":1}},"line":60},"1":{"name":"(anonymous_1)","decl":{"start":{"line":67,"column":18},"end":{"line":67,"column":19}},"loc":{"start":{"line":67,"column":47},"end":{"line":69,"column":3}},"line":67},"2":{"name":"(anonymous_2)","decl":{"start":{"line":71,"column":12},"end":{"line":71,"column":13}},"loc":{"start":{"line":71,"column":18},"end":{"line":135,"column":3}},"line":71},"3":{"name":"(anonymous_3)","decl":{"start":{"line":77,"column":24},"end":{"line":77,"column":25}},"loc":{"start":{"line":77,"column":36},"end":{"line":132,"column":7}},"line":77},"4":{"name":"(anonymous_4)","decl":{"start":{"line":97,"column":14},"end":{"line":97,"column":15}},"loc":{"start":{"line":97,"column":44},"end":{"line":114,"column":15}},"line":97},"5":{"name":"(anonymous_5)","decl":{"start":{"line":99,"column":18},"end":{"line":99,"column":19}},"loc":{"start":{"line":99,"column":46},"end":{"line":110,"column":19}},"line":99},"6":{"name":"(anonymous_6)","decl":{"start":{"line":100,"column":54},"end":{"line":100,"column":55}},"loc":{"start":{"line":100,"column":69},"end":{"line":109,"column":21}},"line":100},"7":{"name":"(anonymous_7)","decl":{"start":{"line":147,"column":25},"end":{"line":147,"column":26}},"loc":{"start":{"line":147,"column":31},"end":{"line":231,"column":1}},"line":147},"8":{"name":"(anonymous_8)","decl":{"start":{"line":151,"column":22},"end":{"line":151,"column":23}},"loc":{"start":{"line":151,"column":28},"end":{"line":155,"column":3}},"line":151},"9":{"name":"(anonymous_9)","decl":{"start":{"line":159,"column":30},"end":{"line":159,"column":31}},"loc":{"start":{"line":162,"column":7},"end":{"line":169,"column":3}},"line":162},"10":{"name":"(anonymous_10)","decl":{"start":{"line":178,"column":20},"end":{"line":178,"column":21}},"loc":{"start":{"line":178,"column":27},"end":{"line":178,"column":62}},"line":178},"11":{"name":"(anonymous_11)","decl":{"start":{"line":190,"column":28},"end":{"line":190,"column":29}},"loc":{"start":{"line":190,"column":40},"end":{"line":190,"column":46}},"line":190},"12":{"name":"(anonymous_12)","decl":{"start":{"line":199,"column":25},"end":{"line":199,"column":26}},"loc":{"start":{"line":200,"column":14},"end":{"line":210,"column":16}},"line":200},"13":{"name":"(anonymous_13)","decl":{"start":{"line":214,"column":34},"end":{"line":214,"column":35}},"loc":{"start":{"line":214,"column":63},"end":{"line":219,"column":13}},"line":214},"14":{"name":"(anonymous_14)","decl":{"start":{"line":222,"column":30},"end":{"line":222,"column":31}},"loc":{"start":{"line":223,"column":14},"end":{"line":223,"column":58}},"line":223}},"branchMap":{"0":{"loc":{"start":{"line":76,"column":4},"end":{"line":134,"column":5}},"type":"if","locations":[{"start":{"line":76,"column":4},"end":{"line":134,"column":5}},{"start":{},"end":{}}],"line":76},"1":{"loc":{"start":{"line":83,"column":10},"end":{"line":85,"column":11}},"type":"if","locations":[{"start":{"line":83,"column":10},"end":{"line":85,"column":11}},{"start":{},"end":{}}],"line":83},"2":{"loc":{"start":{"line":83,"column":14},"end":{"line":83,"column":71}},"type":"binary-expr","locations":[{"start":{"line":83,"column":14},"end":{"line":83,"column":28}},{"start":{"line":83,"column":32},"end":{"line":83,"column":71}}],"line":83},"3":{"loc":{"start":{"line":87,"column":10},"end":{"line":92,"column":11}},"type":"if","locations":[{"start":{"line":87,"column":10},"end":{"line":92,"column":11}},{"start":{},"end":{}}],"line":87},"4":{"loc":{"start":{"line":88,"column":12},"end":{"line":89,"column":49}},"type":"binary-expr","locations":[{"start":{"line":88,"column":12},"end":{"line":88,"column":35}},{"start":{"line":89,"column":12},"end":{"line":89,"column":49}}],"line":88},"5":{"loc":{"start":{"line":95,"column":10},"end":{"line":124,"column":11}},"type":"if","locations":[{"start":{"line":95,"column":10},"end":{"line":124,"column":11}},{"start":{"line":122,"column":17},"end":{"line":124,"column":11}}],"line":95},"6":{"loc":{"start":{"line":95,"column":14},"end":{"line":95,"column":69}},"type":"binary-expr","locations":[{"start":{"line":95,"column":14},"end":{"line":95,"column":34}},{"start":{"line":95,"column":38},"end":{"line":95,"column":69}}],"line":95},"7":{"loc":{"start":{"line":102,"column":22},"end":{"line":104,"column":23}},"type":"if","locations":[{"start":{"line":102,"column":22},"end":{"line":104,"column":23}},{"start":{},"end":{}}],"line":102},"8":{"loc":{"start":{"line":102,"column":26},"end":{"line":102,"column":72}},"type":"binary-expr","locations":[{"start":{"line":102,"column":26},"end":{"line":102,"column":48}},{"start":{"line":102,"column":52},"end":{"line":102,"column":72}}],"line":102},"9":{"loc":{"start":{"line":152,"column":4},"end":{"line":154,"column":5}},"type":"if","locations":[{"start":{"line":152,"column":4},"end":{"line":154,"column":5}},{"start":{},"end":{}}],"line":152},"10":{"loc":{"start":{"line":163,"column":23},"end":{"line":163,"column":34}},"type":"binary-expr","locations":[{"start":{"line":163,"column":23},"end":{"line":163,"column":28}},{"start":{"line":163,"column":32},"end":{"line":163,"column":34}}],"line":163},"11":{"loc":{"start":{"line":165,"column":15},"end":{"line":165,"column":26}},"type":"binary-expr","locations":[{"start":{"line":165,"column":15},"end":{"line":165,"column":20}},{"start":{"line":165,"column":24},"end":{"line":165,"column":26}}],"line":165},"12":{"loc":{"start":{"line":183,"column":7},"end":{"line":183,"column":35}},"type":"binary-expr","locations":[{"start":{"line":183,"column":7},"end":{"line":183,"column":14}},{"start":{"line":183,"column":18},"end":{"line":183,"column":35}}],"line":183},"13":{"loc":{"start":{"line":184,"column":7},"end":{"line":227,"column":7}},"type":"binary-expr","locations":[{"start":{"line":184,"column":7},"end":{"line":184,"column":15}},{"start":{"line":184,"column":19},"end":{"line":184,"column":25}},{"start":{"line":184,"column":29},"end":{"line":184,"column":33}},{"start":{"line":185,"column":8},"end":{"line":226,"column":11}}],"line":184},"14":{"loc":{"start":{"line":215,"column":14},"end":{"line":217,"column":15}},"type":"if","locations":[{"start":{"line":215,"column":14},"end":{"line":217,"column":15}},{"start":{},"end":{}}],"line":215},"15":{"loc":{"start":{"line":215,"column":18},"end":{"line":215,"column":51}},"type":"binary-expr","locations":[{"start":{"line":215,"column":18},"end":{"line":215,"column":33}},{"start":{"line":215,"column":37},"end":{"line":215,"column":51}}],"line":215},"16":{"loc":{"start":{"line":228,"column":7},"end":{"line":228,"column":30}},"type":"binary-expr","locations":[{"start":{"line":228,"column":7},"end":{"line":228,"column":12}},{"start":{"line":228,"column":16},"end":{"line":228,"column":30}}],"line":228}},"s":{"0":0,"1":0,"2":0,"3":0,"4":0,"5":0,"6":0,"7":0,"8":0,"9":0,"10":0,"11":0,"12":0,"13":0,"14":0,"15":0,"16":0,"17":0,"18":0,"19":0,"20":0,"21":0,"22":0,"23":0,"24":0,"25":0,"26":0,"27":0,"28":0,"29":0,"30":0,"31":0,"32":0,"33":0,"34":0,"35":0,"36":0,"37":0,"38":0,"39":0,"40":0,"41":0,"42":0,"43":0,"44":0,"45":0,"46":0,"47":0,"48":0,"49":0,"50":0,"51":0,"52":0,"53":0,"54":0,"55":0,"56":0,"57":0,"58":0},"f":{"0":0,"1":0,"2":0,"3":0,"4":0,"5":0,"6":0,"7":0,"8":0,"9":0,"10":0,"11":0,"12":0,"13":0,"14":0},"b":{"0":[0,0],"1":[0,0],"2":[0,0],"3":[0,0],"4":[0,0],"5":[0,0],"6":[0,0],"7":[0,0],"8":[0,0],"9":[0,0],"10":[0,0],"11":[0,0],"12":[0,0],"13":[0,0,0,0],"14":[0,0],"15":[0,0],"16":[0,0]}}
,"/Users/piraveenankirupakaran/Documents/COMP0111/Alert-Hub-Frontend/src/Alert-Manager-API/Level4.tsx": {"path":"/Users/piraveenankirupakaran/Documents/COMP0111/Alert-Hub-Frontend/src/Alert-Manager-API/Level4.tsx","statementMap":{"0":{"start":{"line":39,"column":29},"end":{"line":123,"column":1}},"1":{"start":{"line":40,"column":26},"end":{"line":40,"column":51}},"2":{"start":{"line":41,"column":32},"end":{"line":41,"column":46}},"3":{"start":{"line":42,"column":28},"end":{"line":42,"column":57}},"4":{"start":{"line":43,"column":26},"end":{"line":43,"column":53}},"5":{"start":{"line":45,"column":18},"end":{"line":121,"column":3}},"6":{"start":{"line":46,"column":4},"end":{"line":46,"column":41}},"7":{"start":{"line":47,"column":4},"end":{"line":47,"column":25}},"8":{"start":{"line":49,"column":4},"end":{"line":120,"column":5}},"9":{"start":{"line":53,"column":6},"end":{"line":53,"column":23}},"10":{"start":{"line":54,"column":6},"end":{"line":54,"column":21}},"11":{"start":{"line":55,"column":6},"end":{"line":55,"column":58}},"12":{"start":{"line":57,"column":24},"end":{"line":116,"column":7}},"13":{"start":{"line":58,"column":8},"end":{"line":115,"column":9}},"14":{"start":{"line":59,"column":41},"end":{"line":61,"column":11}},"15":{"start":{"line":63,"column":10},"end":{"line":65,"column":11}},"16":{"start":{"line":64,"column":12},"end":{"line":64,"column":57}},"17":{"start":{"line":67,"column":10},"end":{"line":69,"column":11}},"18":{"start":{"line":68,"column":12},"end":{"line":68,"column":49}},"19":{"start":{"line":70,"column":10},"end":{"line":107,"column":11}},"20":{"start":{"line":71,"column":12},"end":{"line":104,"column":15}},"21":{"start":{"line":72,"column":14},"end":{"line":86,"column":15}},"22":{"start":{"line":73,"column":16},"end":{"line":85,"column":18}},"23":{"start":{"line":75,"column":20},"end":{"line":75,"column":58}},"24":{"start":{"line":77,"column":20},"end":{"line":79,"column":22}},"25":{"start":{"line":78,"column":34},"end":{"line":78,"column":40}},"26":{"start":{"line":81,"column":20},"end":{"line":81,"column":45}},"27":{"start":{"line":82,"column":20},"end":{"line":82,"column":41}},"28":{"start":{"line":83,"column":20},"end":{"line":83,"column":35}},"29":{"start":{"line":87,"column":14},"end":{"line":102,"column":15}},"30":{"start":{"line":88,"column":16},"end":{"line":101,"column":18}},"31":{"start":{"line":90,"column":20},"end":{"line":90,"column":56}},"32":{"start":{"line":91,"column":53},"end":{"line":91,"column":76}},"33":{"start":{"line":92,"column":40},"end":{"line":94,"column":38}},"34":{"start":{"line":95,"column":20},"end":{"line":95,"column":69}},"35":{"start":{"line":96,"column":20},"end":{"line":96,"column":43}},"36":{"start":{"line":97,"column":20},"end":{"line":97,"column":53}},"37":{"start":{"line":98,"column":20},"end":{"line":98,"column":40}},"38":{"start":{"line":99,"column":20},"end":{"line":99,"column":34}},"39":{"start":{"line":103,"column":14},"end":{"line":103,"column":26}},"40":{"start":{"line":106,"column":12},"end":{"line":106,"column":46}},"41":{"start":{"line":108,"column":10},"end":{"line":108,"column":37}},"42":{"start":{"line":109,"column":10},"end":{"line":109,"column":40}},"43":{"start":{"line":110,"column":10},"end":{"line":110,"column":28}},"44":{"start":{"line":112,"column":10},"end":{"line":112,"column":63}},"45":{"start":{"line":113,"column":10},"end":{"line":113,"column":34}},"46":{"start":{"line":114,"column":10},"end":{"line":114,"column":28}},"47":{"start":{"line":117,"column":6},"end":{"line":117,"column":40}},"48":{"start":{"line":119,"column":6},"end":{"line":119,"column":24}},"49":{"start":{"line":122,"column":2},"end":{"line":122,"column":43}},"50":{"start":{"line":125,"column":25},"end":{"line":161,"column":1}},"51":{"start":{"line":126,"column":34},"end":{"line":126,"column":57}},"52":{"start":{"line":127,"column":44},"end":{"line":127,"column":59}},"53":{"start":{"line":129,"column":2},"end":{"line":131,"column":5}},"54":{"start":{"line":130,"column":4},"end":{"line":130,"column":18}},"55":{"start":{"line":132,"column":22},"end":{"line":136,"column":3}},"56":{"start":{"line":133,"column":4},"end":{"line":135,"column":5}},"57":{"start":{"line":134,"column":6},"end":{"line":134,"column":24}},"58":{"start":{"line":138,"column":2},"end":{"line":160,"column":4}},"59":{"start":{"line":145,"column":27},"end":{"line":145,"column":62}},"60":{"start":{"line":154,"column":12},"end":{"line":154,"column":53}}},"fnMap":{"0":{"name":"(anonymous_0)","decl":{"start":{"line":39,"column":29},"end":{"line":39,"column":30}},"loc":{"start":{"line":39,"column":35},"end":{"line":123,"column":1}},"line":39},"1":{"name":"(anonymous_1)","decl":{"start":{"line":45,"column":18},"end":{"line":45,"column":19}},"loc":{"start":{"line":45,"column":45},"end":{"line":121,"column":3}},"line":45},"2":{"name":"(anonymous_2)","decl":{"start":{"line":57,"column":24},"end":{"line":57,"column":25}},"loc":{"start":{"line":57,"column":36},"end":{"line":116,"column":7}},"line":57},"3":{"name":"(anonymous_3)","decl":{"start":{"line":71,"column":58},"end":{"line":71,"column":59}},"loc":{"start":{"line":71,"column":73},"end":{"line":104,"column":13}},"line":71},"4":{"name":"(anonymous_4)","decl":{"start":{"line":74,"column":18},"end":{"line":74,"column":19}},"loc":{"start":{"line":74,"column":51},"end":{"line":84,"column":19}},"line":74},"5":{"name":"(anonymous_5)","decl":{"start":{"line":78,"column":22},"end":{"line":78,"column":23}},"loc":{"start":{"line":78,"column":34},"end":{"line":78,"column":40}},"line":78},"6":{"name":"(anonymous_6)","decl":{"start":{"line":89,"column":18},"end":{"line":89,"column":19}},"loc":{"start":{"line":89,"column":50},"end":{"line":100,"column":19}},"line":89},"7":{"name":"(anonymous_7)","decl":{"start":{"line":125,"column":25},"end":{"line":125,"column":26}},"loc":{"start":{"line":125,"column":31},"end":{"line":161,"column":1}},"line":125},"8":{"name":"(anonymous_8)","decl":{"start":{"line":129,"column":12},"end":{"line":129,"column":13}},"loc":{"start":{"line":129,"column":18},"end":{"line":131,"column":3}},"line":129},"9":{"name":"(anonymous_9)","decl":{"start":{"line":132,"column":22},"end":{"line":132,"column":23}},"loc":{"start":{"line":132,"column":28},"end":{"line":136,"column":3}},"line":132},"10":{"name":"(anonymous_10)","decl":{"start":{"line":145,"column":20},"end":{"line":145,"column":21}},"loc":{"start":{"line":145,"column":27},"end":{"line":145,"column":62}},"line":145},"11":{"name":"(anonymous_11)","decl":{"start":{"line":153,"column":27},"end":{"line":153,"column":28}},"loc":{"start":{"line":154,"column":12},"end":{"line":154,"column":53}},"line":154}},"branchMap":{"0":{"loc":{"start":{"line":49,"column":4},"end":{"line":120,"column":5}},"type":"if","locations":[{"start":{"line":49,"column":4},"end":{"line":120,"column":5}},{"start":{},"end":{}}],"line":49},"1":{"loc":{"start":{"line":50,"column":6},"end":{"line":51,"column":41}},"type":"binary-expr","locations":[{"start":{"line":50,"column":6},"end":{"line":50,"column":38}},{"start":{"line":51,"column":6},"end":{"line":51,"column":41}}],"line":50},"2":{"loc":{"start":{"line":63,"column":10},"end":{"line":65,"column":11}},"type":"if","locations":[{"start":{"line":63,"column":10},"end":{"line":65,"column":11}},{"start":{},"end":{}}],"line":63},"3":{"loc":{"start":{"line":63,"column":14},"end":{"line":63,"column":71}},"type":"binary-expr","locations":[{"start":{"line":63,"column":14},"end":{"line":63,"column":28}},{"start":{"line":63,"column":32},"end":{"line":63,"column":71}}],"line":63},"4":{"loc":{"start":{"line":67,"column":10},"end":{"line":69,"column":11}},"type":"if","locations":[{"start":{"line":67,"column":10},"end":{"line":69,"column":11}},{"start":{},"end":{}}],"line":67},"5":{"loc":{"start":{"line":67,"column":14},"end":{"line":67,"column":72}},"type":"binary-expr","locations":[{"start":{"line":67,"column":14},"end":{"line":67,"column":35}},{"start":{"line":67,"column":39},"end":{"line":67,"column":72}}],"line":67},"6":{"loc":{"start":{"line":70,"column":10},"end":{"line":107,"column":11}},"type":"if","locations":[{"start":{"line":70,"column":10},"end":{"line":107,"column":11}},{"start":{"line":105,"column":17},"end":{"line":107,"column":11}}],"line":70},"7":{"loc":{"start":{"line":70,"column":14},"end":{"line":70,"column":67}},"type":"binary-expr","locations":[{"start":{"line":70,"column":14},"end":{"line":70,"column":33}},{"start":{"line":70,"column":37},"end":{"line":70,"column":67}}],"line":70},"8":{"loc":{"start":{"line":72,"column":14},"end":{"line":86,"column":15}},"type":"if","locations":[{"start":{"line":72,"column":14},"end":{"line":86,"column":15}},{"start":{},"end":{}}],"line":72},"9":{"loc":{"start":{"line":87,"column":14},"end":{"line":102,"column":15}},"type":"if","locations":[{"start":{"line":87,"column":14},"end":{"line":102,"column":15}},{"start":{},"end":{}}],"line":87},"10":{"loc":{"start":{"line":133,"column":4},"end":{"line":135,"column":5}},"type":"if","locations":[{"start":{"line":133,"column":4},"end":{"line":135,"column":5}},{"start":{},"end":{}}],"line":133},"11":{"loc":{"start":{"line":150,"column":7},"end":{"line":150,"column":35}},"type":"binary-expr","locations":[{"start":{"line":150,"column":7},"end":{"line":150,"column":14}},{"start":{"line":150,"column":18},"end":{"line":150,"column":35}}],"line":150},"12":{"loc":{"start":{"line":151,"column":7},"end":{"line":157,"column":7}},"type":"binary-expr","locations":[{"start":{"line":151,"column":7},"end":{"line":151,"column":15}},{"start":{"line":151,"column":19},"end":{"line":151,"column":25}},{"start":{"line":151,"column":29},"end":{"line":151,"column":33}},{"start":{"line":152,"column":8},"end":{"line":156,"column":13}}],"line":151},"13":{"loc":{"start":{"line":158,"column":7},"end":{"line":158,"column":30}},"type":"binary-expr","locations":[{"start":{"line":158,"column":7},"end":{"line":158,"column":12}},{"start":{"line":158,"column":16},"end":{"line":158,"column":30}}],"line":158}},"s":{"0":0,"1":0,"2":0,"3":0,"4":0,"5":0,"6":0,"7":0,"8":0,"9":0,"10":0,"11":0,"12":0,"13":0,"14":0,"15":0,"16":0,"17":0,"18":0,"19":0,"20":0,"21":0,"22":0,"23":0,"24":0,"25":0,"26":0,"27":0,"28":0,"29":0,"30":0,"31":0,"32":0,"33":0,"34":0,"35":0,"36":0,"37":0,"38":0,"39":0,"40":0,"41":0,"42":0,"43":0,"44":0,"45":0,"46":0,"47":0,"48":0,"49":0,"50":0,"51":0,"52":0,"53":0,"54":0,"55":0,"56":0,"57":0,"58":0,"59":0,"60":0},"f":{"0":0,"1":0,"2":0,"3":0,"4":0,"5":0,"6":0,"7":0,"8":0,"9":0,"10":0,"11":0},"b":{"0":[0,0],"1":[0,0],"2":[0,0],"3":[0,0],"4":[0,0],"5":[0,0],"6":[0,0],"7":[0,0],"8":[0,0],"9":[0,0],"10":[0,0],"11":[0,0],"12":[0,0,0,0],"13":[0,0]}}
,"/Users/piraveenankirupakaran/Documents/COMP0111/Alert-Hub-Frontend/src/Alert-Manager-API/Region.tsx": {"path":"/Users/piraveenankirupakaran/Documents/COMP0111/Alert-Hub-Frontend/src/Alert-Manager-API/Region.tsx","statementMap":{"0":{"start":{"line":36,"column":29},"end":{"line":161,"column":1}},"1":{"start":{"line":37,"column":26},"end":{"line":37,"column":59}},"2":{"start":{"line":38,"column":32},"end":{"line":38,"column":55}},"3":{"start":{"line":39,"column":28},"end":{"line":39,"column":57}},"4":{"start":{"line":40,"column":32},"end":{"line":44,"column":4}},"5":{"start":{"line":46,"column":36},"end":{"line":46,"column":65}},"6":{"start":{"line":48,"column":18},"end":{"line":51,"column":3}},"7":{"start":{"line":49,"column":4},"end":{"line":49,"column":27}},"8":{"start":{"line":50,"column":4},"end":{"line":50,"column":28}},"9":{"start":{"line":53,"column":2},"end":{"line":158,"column":27}},"10":{"start":{"line":54,"column":4},"end":{"line":54,"column":40}},"11":{"start":{"line":55,"column":4},"end":{"line":55,"column":21}},"12":{"start":{"line":56,"column":4},"end":{"line":56,"column":19}},"13":{"start":{"line":57,"column":4},"end":{"line":157,"column":5}},"14":{"start":{"line":58,"column":24},"end":{"line":155,"column":7}},"15":{"start":{"line":59,"column":8},"end":{"line":154,"column":9}},"16":{"start":{"line":60,"column":41},"end":{"line":62,"column":11}},"17":{"start":{"line":64,"column":10},"end":{"line":66,"column":11}},"18":{"start":{"line":65,"column":12},"end":{"line":65,"column":57}},"19":{"start":{"line":68,"column":10},"end":{"line":70,"column":11}},"20":{"start":{"line":69,"column":12},"end":{"line":69,"column":57}},"21":{"start":{"line":71,"column":36},"end":{"line":71,"column":57}},"22":{"start":{"line":73,"column":10},"end":{"line":143,"column":11}},"23":{"start":{"line":74,"column":12},"end":{"line":142,"column":15}},"24":{"start":{"line":75,"column":14},"end":{"line":79,"column":15}},"25":{"start":{"line":76,"column":16},"end":{"line":76,"column":63}},"26":{"start":{"line":78,"column":16},"end":{"line":78,"column":68}},"27":{"start":{"line":81,"column":14},"end":{"line":91,"column":15}},"28":{"start":{"line":82,"column":16},"end":{"line":90,"column":17}},"29":{"start":{"line":83,"column":18},"end":{"line":86,"column":20}},"30":{"start":{"line":87,"column":18},"end":{"line":87,"column":40}},"31":{"start":{"line":89,"column":18},"end":{"line":89,"column":69}},"32":{"start":{"line":93,"column":14},"end":{"line":139,"column":15}},"33":{"start":{"line":94,"column":16},"end":{"line":116,"column":18}},"34":{"start":{"line":96,"column":48},"end":{"line":96,"column":63}},"35":{"start":{"line":97,"column":20},"end":{"line":99,"column":21}},"36":{"start":{"line":98,"column":22},"end":{"line":98,"column":34}},"37":{"start":{"line":101,"column":20},"end":{"line":113,"column":21}},"38":{"start":{"line":102,"column":22},"end":{"line":112,"column":23}},"39":{"start":{"line":103,"column":45},"end":{"line":103,"column":70}},"40":{"start":{"line":104,"column":52},"end":{"line":104,"column":70}},"41":{"start":{"line":105,"column":24},"end":{"line":111,"column":25}},"42":{"start":{"line":110,"column":26},"end":{"line":110,"column":39}},"43":{"start":{"line":114,"column":20},"end":{"line":114,"column":32}},"44":{"start":{"line":118,"column":16},"end":{"line":138,"column":17}},"45":{"start":{"line":119,"column":18},"end":{"line":137,"column":21}},"46":{"start":{"line":120,"column":20},"end":{"line":135,"column":21}},"47":{"start":{"line":121,"column":22},"end":{"line":121,"column":71}},"48":{"start":{"line":122,"column":22},"end":{"line":132,"column":23}},"49":{"start":{"line":123,"column":24},"end":{"line":123,"column":54}},"50":{"start":{"line":124,"column":24},"end":{"line":124,"column":79}},"51":{"start":{"line":125,"column":24},"end":{"line":125,"column":47}},"52":{"start":{"line":126,"column":24},"end":{"line":126,"column":52}},"53":{"start":{"line":128,"column":24},"end":{"line":128,"column":49}},"54":{"start":{"line":129,"column":24},"end":{"line":129,"column":74}},"55":{"start":{"line":130,"column":24},"end":{"line":130,"column":47}},"56":{"start":{"line":131,"column":24},"end":{"line":131,"column":52}},"57":{"start":{"line":134,"column":22},"end":{"line":134,"column":80}},"58":{"start":{"line":136,"column":20},"end":{"line":136,"column":35}},"59":{"start":{"line":141,"column":14},"end":{"line":141,"column":28}},"60":{"start":{"line":144,"column":10},"end":{"line":147,"column":13}},"61":{"start":{"line":145,"column":12},"end":{"line":145,"column":32}},"62":{"start":{"line":146,"column":12},"end":{"line":146,"column":47}},"63":{"start":{"line":148,"column":10},"end":{"line":148,"column":34}},"64":{"start":{"line":149,"column":10},"end":{"line":149,"column":59}},"65":{"start":{"line":150,"column":10},"end":{"line":150,"column":28}},"66":{"start":{"line":152,"column":10},"end":{"line":152,"column":34}},"67":{"start":{"line":153,"column":10},"end":{"line":153,"column":28}},"68":{"start":{"line":156,"column":6},"end":{"line":156,"column":18}},"69":{"start":{"line":160,"column":2},"end":{"line":160,"column":55}},"70":{"start":{"line":163,"column":33},"end":{"line":169,"column":1}},"71":{"start":{"line":171,"column":29},"end":{"line":267,"column":1}},"72":{"start":{"line":172,"column":56},"end":{"line":172,"column":71}},"73":{"start":{"line":173,"column":48},"end":{"line":173,"column":68}},"74":{"start":{"line":174,"column":17},"end":{"line":174,"column":44}},"75":{"start":{"line":176,"column":2},"end":{"line":179,"column":11}},"76":{"start":{"line":177,"column":4},"end":{"line":177,"column":24}},"77":{"start":{"line":181,"column":2},"end":{"line":185,"column":29}},"78":{"start":{"line":182,"column":4},"end":{"line":184,"column":5}},"79":{"start":{"line":183,"column":6},"end":{"line":183,"column":36}},"80":{"start":{"line":187,"column":30},"end":{"line":197,"column":3}},"81":{"start":{"line":191,"column":4},"end":{"line":191,"column":36}},"82":{"start":{"line":192,"column":4},"end":{"line":196,"column":7}},"83":{"start":{"line":199,"column":2},"end":{"line":266,"column":4}},"84":{"start":{"line":210,"column":40},"end":{"line":210,"column":46}},"85":{"start":{"line":220,"column":14},"end":{"line":230,"column":16}},"86":{"start":{"line":235,"column":14},"end":{"line":237,"column":15}},"87":{"start":{"line":236,"column":16},"end":{"line":236,"column":40}},"88":{"start":{"line":238,"column":14},"end":{"line":238,"column":50}},"89":{"start":{"line":243,"column":14},"end":{"line":260,"column":19}},"90":{"start":{"line":247,"column":20},"end":{"line":257,"column":23}}},"fnMap":{"0":{"name":"(anonymous_0)","decl":{"start":{"line":36,"column":29},"end":{"line":36,"column":30}},"loc":{"start":{"line":36,"column":35},"end":{"line":161,"column":1}},"line":36},"1":{"name":"(anonymous_1)","decl":{"start":{"line":48,"column":18},"end":{"line":48,"column":19}},"loc":{"start":{"line":48,"column":47},"end":{"line":51,"column":3}},"line":48},"2":{"name":"(anonymous_2)","decl":{"start":{"line":53,"column":12},"end":{"line":53,"column":13}},"loc":{"start":{"line":53,"column":18},"end":{"line":158,"column":3}},"line":53},"3":{"name":"(anonymous_3)","decl":{"start":{"line":58,"column":24},"end":{"line":58,"column":25}},"loc":{"start":{"line":58,"column":36},"end":{"line":155,"column":7}},"line":58},"4":{"name":"(anonymous_4)","decl":{"start":{"line":74,"column":48},"end":{"line":74,"column":49}},"loc":{"start":{"line":74,"column":65},"end":{"line":142,"column":13}},"line":74},"5":{"name":"(anonymous_5)","decl":{"start":{"line":95,"column":18},"end":{"line":95,"column":19}},"loc":{"start":{"line":95,"column":52},"end":{"line":115,"column":19}},"line":95},"6":{"name":"(anonymous_6)","decl":{"start":{"line":119,"column":58},"end":{"line":119,"column":59}},"loc":{"start":{"line":119,"column":76},"end":{"line":137,"column":19}},"line":119},"7":{"name":"(anonymous_7)","decl":{"start":{"line":144,"column":49},"end":{"line":144,"column":50}},"loc":{"start":{"line":144,"column":66},"end":{"line":147,"column":11}},"line":144},"8":{"name":"(anonymous_8)","decl":{"start":{"line":171,"column":29},"end":{"line":171,"column":30}},"loc":{"start":{"line":171,"column":35},"end":{"line":267,"column":1}},"line":171},"9":{"name":"(anonymous_9)","decl":{"start":{"line":176,"column":10},"end":{"line":176,"column":11}},"loc":{"start":{"line":176,"column":16},"end":{"line":179,"column":3}},"line":176},"10":{"name":"(anonymous_10)","decl":{"start":{"line":181,"column":12},"end":{"line":181,"column":13}},"loc":{"start":{"line":181,"column":18},"end":{"line":185,"column":3}},"line":181},"11":{"name":"(anonymous_11)","decl":{"start":{"line":187,"column":30},"end":{"line":187,"column":31}},"loc":{"start":{"line":190,"column":7},"end":{"line":197,"column":3}},"line":190},"12":{"name":"(anonymous_12)","decl":{"start":{"line":210,"column":28},"end":{"line":210,"column":29}},"loc":{"start":{"line":210,"column":40},"end":{"line":210,"column":46}},"line":210},"13":{"name":"(anonymous_13)","decl":{"start":{"line":219,"colu
[...]
,"/Users/piraveenankirupakaran/Documents/COMP0111/Alert-Hub-Frontend/src/scenes/Subscription/components/SentFlagRadio.tsx": {"path":"/Users/piraveenankirupakaran/Documents/COMP0111/Alert-Hub-Frontend/src/scenes/Subscription/components/SentFlagRadio.tsx","statementMap":{"0":{"start":{"line":13,"column":29},"end":{"line":30,"column":1}},"1":{"start":{"line":43,"column":22},"end":{"line":104,"column":1}},"2":{"start":{"line":49,"column":28},"end":{"line":49,"column":40}},"3":{"start":{"line":51,"column":2},"end":{"line":54,"column":29}},"4":{"start":{"line":52,"column":22},"end":{"line":52,"column":42}},"5":{"start":{"line":53,"column":4},"end":{"line":53,"column":24}},"6":{"start":{"line":56,"column":23},"end":{"line":63,"column":3}},"7":{"start":{"line":57,"column":25},"end":{"line":57,"column":73}},"8":{"start":{"line":58,"column":4},"end":{"line":58,"column":27}},"9":{"start":{"line":59,"column":4},"end":{"line":62,"column":8}},"10":{"start":{"line":59,"column":35},"end":{"line":62,"column":5}},"11":{"start":{"line":65,"column":2},"end":{"line":103,"column":4}},"12":{"start":{"line":91,"column":10},"end":{"line":96,"column":12}}},"fnMap":{"0":{"name":"(anonymous_0)","decl":{"start":{"line":43,"column":22},"end":{"line":43,"column":23}},"loc":{"start":{"line":48,"column":17},"end":{"line":104,"column":1}},"line":48},"1":{"name":"(anonymous_1)","decl":{"start":{"line":51,"column":12},"end":{"line":51,"column":13}},"loc":{"start":{"line":51,"column":18},"end":{"line":54,"column":3}},"line":51},"2":{"name":"(anonymous_2)","decl":{"start":{"line":56,"column":23},"end":{"line":56,"column":24}},"loc":{"start":{"line":56,"column":71},"end":{"line":63,"column":3}},"line":56},"3":{"name":"(anonymous_3)","decl":{"start":{"line":59,"column":19},"end":{"line":59,"column":20}},"loc":{"start":{"line":59,"column":35},"end":{"line":62,"column":5}},"line":59},"4":{"name":"(anonymous_4)","decl":{"start":{"line":90,"column":27},"end":{"line":90,"column":28}},"loc":{"start":{"line":91,"column":10},"end":{"line":96,"column":12}},"line":91}},"branchMap":{"0":{"loc":{"start":{"line":68,"column":13},"end":{"line":68,"column":49}},"type":"binary-expr","locations":[{"start":{"line":68,"column":13},"end":{"line":68,"column":23}},{"start":{"line":68,"column":27},"end":{"line":68,"column":49}}],"line":68},"1":{"loc":{"start":{"line":100,"column":9},"end":{"line":100,"column":73}},"type":"binary-expr","locations":[{"start":{"line":100,"column":9},"end":{"line":100,"column":19}},{"start":{"line":100,"column":23},"end":{"line":100,"column":45}},{"start":{"line":100,"column":49},"end":{"line":100,"column":73}}],"line":100}},"s":{"0":0,"1":0,"2":0,"3":0,"4":0,"5":0,"6":0,"7":0,"8":0,"9":0,"10":0,"11":0,"12":0},"f":{"0":0,"1":0,"2":0,"3":0,"4":0},"b":{"0":[0,0],"1":[0,0,0]}}
,"/Users/piraveenankirupakaran/Documents/COMP0111/Alert-Hub-Frontend/src/scenes/Subscription/components/SubscriptionTable.tsx": {"path":"/Users/piraveenankirupakaran/Documents/COMP0111/Alert-Hub-Frontend/src/scenes/Subscription/components/SubscriptionTable.tsx","statementMap":{"0":{"start":{"line":35,"column":26},"end":{"line":239,"column":1}},"1":{"start":{"line":42,"column":31},"end":{"line":45,"column":4}},"2":{"start":{"line":46,"column":26},"end":{"line":46,"column":37}},"3":{"start":{"line":47,"column":40},"end":{"line":47,"column":51}},"4":{"start":{"line":48,"column":34},"end":{"line":48,"column":46}},"5":{"start":{"line":49,"column":44},"end":{"line":49,"column":59}},"6":{"start":{"line":52,"column":20},"end":{"line":58,"column":3}},"7":{"start":{"line":54,"column":6},"end":{"line":56,"column":11}},"8":{"start":{"line":59,"column":22},"end":{"line":66,"column":3}},"9":{"start":{"line":61,"column":6},"end":{"line":64,"column":7}},"10":{"start":{"line":68,"column":27},"end":{"line":73,"column":3}},"11":{"start":{"line":72,"column":4},"end":{"line":72,"column":21}},"12":{"start":{"line":75,"column":34},"end":{"line":80,"column":3}},"13":{"start":{"line":78,"column":4},"end":{"line":78,"column":53}},"14":{"start":{"line":79,"column":4},"end":{"line":79,"column":15}},"15":{"start":{"line":82,"column":23},"end":{"line":84,"column":3}},"16":{"start":{"line":83,"column":4},"end":{"line":83,"column":72}},"17":{"start":{"line":86,"column":2},"end":{"line":238,"column":4}},"18":{"start":{"line":150,"column":12},"end":{"line":158,"column":14}},"19":{"start":{"line":194,"column":10},"end":{"line":194,"column":34}},"20":{"start":{"line":215,"column":14},"end":{"line":215,"column":38}},"21":{"start":{"line":225,"column":14},"end":{"line":225,"column":37}},"22":{"start":{"line":226,"column":14},"end":{"line":226,"column":38}}},"fnMap":{"0":{"name":"(anonymous_0)","decl":{"start":{"line":35,"column":26},"end":{"line":35,"column":27}},"loc":{"start":{"line":41,"column":17},"end":{"line":239,"column":1}},"line":41},"1":{"name":"(anonymous_1)","decl":{"start":{"line":53,"column":4},"end":{"line":53,"column":5}},"loc":{"start":{"line":54,"column":6},"end":{"line":56,"column":11}},"line":54},"2":{"name":"(anonymous_2)","decl":{"start":{"line":60,"column":4},"end":{"line":60,"column":5}},"loc":{"start":{"line":61,"column":6},"end":{"line":64,"column":7}},"line":61},"3":{"name":"(anonymous_3)","decl":{"start":{"line":68,"column":27},"end":{"line":68,"column":28}},"loc":{"start":{"line":71,"column":7},"end":{"line":73,"column":3}},"line":71},"4":{"name":"(anonymous_4)","decl":{"start":{"line":75,"column":34},"end":{"line":75,"column":35}},"loc":{"start":{"line":77,"column":7},"end":{"line":80,"column":3}},"line":77},"5":{"name":"(anonymous_5)","decl":{"start":{"line":82,"column":23},"end":{"line":82,"column":24}},"loc":{"start":{"line":82,"column":39},"end":{"line":84,"column":3}},"line":82},"6":{"name":"(anonymous_6)","decl":{"start":{"line":146,"column":28},"end":{"line":146,"column":29}},"loc":{"start":{"line":150,"column":12},"end":{"line":158,"column":14}},"line":150},"7":{"name":"(anonymous_7)","decl":{"start":{"line":193,"column":17},"end":{"line":193,"column":18}},"loc":{"start":{"line":193,"column":23},"end":{"line":195,"column":9}},"line":193},"8":{"name":"(anonymous_8)","decl":{"start":{"line":214,"column":21},"end":{"line":214,"column":22}},"loc":{"start":{"line":214,"column":27},"end":{"line":216,"column":13}},"line":214},"9":{"name":"(anonymous_9)","decl":{"start":{"line":224,"column":21},"end":{"line":224,"column":22}},"loc":{"start":{"line":224,"column":27},"end":{"line":227,"column":13}},"line":224}},"branchMap":{"0":{"loc":{"start":{"line":54,"column":6},"end":{"line":56,"column":11}},"type":"cond-expr","locations":[{"start":{"line":55,"column":10},"end":{"line":55,"column":78}},{"start":{"line":56,"column":10},"end":{"line":56,"column":11}}],"line":54},"1":{"loc":{"start":{"line":160,"column":11},"end":{"line":168,"column":11}},"type":"binary-expr","locations":[{"start":{"line":160,"column":11},"end":{"line":160,"column":24}},{"start":{"line":161,"column":12},"end":{"line":167,"column":23}}],"line":160},"2":{"loc":{"start":{"line":171,"column":7},"end":{"line":181,"column":7}},"type":"binary-expr","locations":[{"start":{"line":171,"column":7},"end":{"line":171,"column":32}},{"start":{"line":172,"column":8},"end":{"line":180,"column":21}}],"line":171},"3":{"loc":{"start":{"line":185,"column":15},"end":{"line":185,"column":69}},"type":"cond-expr","locations":[{"start":{"line":185,"column":38},"end":{"line":185,"column":65}},{"start":{"line":185,"column":68},"end":{"line":185,"column":69}}],"line":185}},"s":{"0":0,"1":0,"2":0,"3":0,"4":0,"5":0,"6":0,"7":0,"8":0,"9":0,"10":0,"11":0,"12":0,"13":0,"14":0,"15":0,"16":0,"17":0,"18":0,"19":0,"20":0,"21":0,"22":0},"f":{"0":0,"1":0,"2":0,"3":0,"4":0,"5":0,"6":0,"7":0,"8":0,"9":0},"b":{"0":[0,0],"1":[0,0],"2":[0,0],"3":[0,0]}}
,"/Users/piraveenankirupakaran/Documents/COMP0111/Alert-Hub-Frontend/src/scenes/SubscriptionAlerts/index.tsx": {"path":"/Users/piraveenankirupakaran/Documents/COMP0111/Alert-Hub-Frontend/src/scenes/SubscriptionAlerts/index.tsx","statementMap":{"0":{"start":{"line":9,"column":27},"end":{"line":66,"column":1}},"1":{"start":{"line":11,"column":33},"end":{"line":11,"column":44}},"2":{"start":{"line":13,"column":38},"end":{"line":15,"column":3}},"3":{"start":{"line":17,"column":2},"end":{"line":37,"column":11}},"4":{"start":{"line":18,"column":4},"end":{"line":36,"column":9}},"5":{"start":{"line":23,"column":8},"end":{"line":32,"column":10}},"6":{"start":{"line":24,"column":10},"end":{"line":31,"column":13}},"7":{"start":{"line":24,"column":39},"end":{"line":31,"column":11}},"8":{"start":{"line":35,"column":8},"end":{"line":35,"column":27}},"9":{"start":{"line":39,"column":2},"end":{"line":65,"column":4}}},"fnMap":{"0":{"name":"(anonymous_0)","decl":{"start":{"line":9,"column":27},"end":{"line":9,"column":28}},"loc":{"start":{"line":9,"column":33},"end":{"line":66,"column":1}},"line":9},"1":{"name":"(anonymous_1)","decl":{"start":{"line":17,"column":12},"end":{"line":17,"column":13}},"loc":{"start":{"line":17,"column":18},"end":{"line":37,"column":3}},"line":17},"2":{"name":"(anonymous_2)","decl":{"start":{"line":22,"column":12},"end":{"line":22,"column":13}},"loc":{"start":{"line":22,"column":21},"end":{"line":33,"column":7}},"line":22},"3":{"name":"(anonymous_3)","decl":{"start":{"line":23,"column":22},"end":{"line":23,"column":23}},"loc":{"start":{"line":24,"column":10},"end":{"line":31,"column":13}},"line":24},"4":{"name":"(anonymous_4)","decl":{"start":{"line":24,"column":23},"end":{"line":24,"column":24}},"loc":{"start":{"line":24,"column":39},"end":{"line":31,"column":11}},"line":24},"5":{"name":"(anonymous_5)","decl":{"start":{"line":34,"column":13},"end":{"line":34,"column":14}},"loc":{"start":{"line":34,"column":24},"end":{"line":36,"column":7}},"line":34}},"branchMap":{"0":{"loc":{"start":{"line":51,"column":7},"end":{"line":63,"column":7}},"type":"cond-expr","locations":[{"start":{"line":52,"column":8},"end":{"line":52,"column":47}},{"start":{"line":54,"column":8},"end":{"line":62,"column":21}}],"line":51},"1":{"loc":{"start":{"line":51,"column":7},"end":{"line":51,"column":42}},"type":"binary-expr","locations":[{"start":{"line":51,"column":7},"end":{"line":51,"column":17}},{"start":{"line":51,"column":21},"end":{"line":51,"column":42}}],"line":51}},"s":{"0":0,"1":0,"2":0,"3":0,"4":0,"5":0,"6":0,"7":0,"8":0,"9":0},"f":{"0":0,"1":0,"2":0,"3":0,"4":0,"5":0},"b":{"0":[0,0],"1":[0,0]}}
,"/Users/piraveenankirupakaran/Documents/COMP0111/Alert-Hub-Frontend/src/scenes/SubscriptionAlerts/components/AlertsTable.tsx": {"path":"/Users/piraveenankirupakaran/Documents/COMP0111/Alert-Hub-Frontend/src/scenes/SubscriptionAlerts/components/AlertsTable.tsx","statementMap":{"0":{"start":{"line":18,"column":20},"end":{"line":196,"column":1}},"1":{"start":{"line":19,"column":26},"end":{"line":19,"column":37}},"2":{"start":{"line":20,"column":40},"end":{"line":20,"column":52}},"3":{"start":{"line":21,"column":34},"end":{"line":21,"column":59}},"4":{"start":{"line":22,"column":34},"end":{"line":22,"column":68}},"5":{"start":{"line":23,"column":15},"end":{"line":23,"column":32}},"6":{"start":{"line":26,"column":26},"end":{"line":34,"column":8}},"7":{"start":{"line":27,"column":4},"end":{"line":32,"column":7}},"8":{"start":{"line":28,"column":6},"end":{"line":31,"column":7}},"9":{"start":{"line":29,"column":8},"end":{"line":29,"column":28}},"10":{"start":{"line":30,"column":8},"end":{"line":30,"column":31}},"11":{"start":{"line":33,"column":4},"end":{"line":33,"column":21}},"12":{"start":{"line":36,"column":26},"end":{"line":36,"column":63}},"13":{"start":{"line":38,"column":25},"end":{"line":40,"column":3}},"14":{"start":{"line":39,"column":4},"end":{"line":39,"column":35}},"15":{"start":{"line":42,"column":20},"end":{"line":42,"column":78}},"16":{"start":{"line":44,"column":22},"end":{"line":46,"column":3}},"17":{"start":{"line":45,"column":4},"end":{"line":45,"column":37}},"18":{"start":{"line":47,"column":22},"end":{"line":49,"column":3}},"19":{"start":{"line":48,"column":4},"end":{"line":48,"column":22}},"20":{"start":{"line":50,"column":31},"end":{"line":53,"column":3}},"21":{"start":{"line":51,"column":4},"end":{"line":51,"column":42}},"22":{"start":{"line":52,"column":4},"end":{"line":52,"column":18}},"23":{"start":{"line":54,"column":27},"end":{"line":56,"column":3}},"24":{"start":{"line":55,"column":4},"end":{"line":55,"column":21}},"25":{"start":{"line":57,"column":34},"end":{"line":62,"column":3}},"26":{"start":{"line":60,"column":4},"end":{"line":60,"column":40}},"27":{"start":{"line":61,"column":4},"end":{"line":61,"column":15}},"28":{"start":{"line":64,"column":2},"end":{"line":195,"column":4}},"29":{"start":{"line":108,"column":22},"end":{"line":110,"column":33}},"30":{"start":{"line":139,"column":16},"end":{"line":180,"column":27}}},"fnMap":{"0":{"name":"(anonymous_0)","decl":{"start":{"line":18,"column":20},"end":{"line":18,"column":21}},"loc":{"start":{"line":18,"column":51},"end":{"line":196,"column":1}},"line":18},"1":{"name":"(anonymous_1)","decl":{"start":{"line":26,"column":44},"end":{"line":26,"column":45}},"loc":{"start":{"line":26,"column":75},"end":{"line":34,"column":3}},"line":26},"2":{"name":"(anonymous_2)","decl":{"start":{"line":27,"column":25},"end":{"line":27,"column":26}},"loc":{"start":{"line":27,"column":37},"end":{"line":32,"column":5}},"line":27},"3":{"name":"(anonymous_3)","decl":{"start":{"line":38,"column":43},"end":{"line":38,"column":44}},"loc":{"start":{"line":39,"column":4},"end":{"line":39,"column":35}},"line":39},"4":{"name":"(anonymous_4)","decl":{"start":{"line":44,"column":22},"end":{"line":44,"column":23}},"loc":{"start":{"line":44,"column":64},"end":{"line":46,"column":3}},"line":44},"5":{"name":"(anonymous_5)","decl":{"start":{"line":47,"column":22},"end":{"line":47,"column":23}},"loc":{"start":{"line":47,"column":28},"end":{"line":49,"column":3}},"line":47},"6":{"name":"(anonymous_6)","decl":{"start":{"line":50,"column":31},"end":{"line":50,"column":32}},"loc":{"start":{"line":50,"column":47},"end":{"line":53,"column":3}},"line":50},"7":{"name":"(anonymous_7)","decl":{"start":{"line":54,"column":27},"end":{"line":54,"column":28}},"loc":{"start":{"line":54,"column":64},"end":{"line":56,"column":3}},"line":54},"8":{"name":"(anonymous_8)","decl":{"start":{"line":57,"column":34},"end":{"line":57,"column":35}},"loc":{"start":{"line":59,"column":7},"end":{"line":62,"column":3}},"line":59},"9":{"name":"(anonymous_9)","decl":{"start":{"line":107,"column":41},"end":{"line":107,"column":42}},"loc":{"start":{"line":108,"column":22},"end":{"line":110,"column":33}},"line":108},"10":{"name":"(anonymous_10)","decl":{"start":{"line":138,"column":19},"end":{"line":138,"column":20}},"loc":{"start":{"line":139,"column":16},"end":{"line":180,"column":27}},"line":139}},"branchMap":{"0":{"loc":{"start":{"line":28,"column":6},"end":{"line":31,"column":7}},"type":"if","locations":[{"start":{"line":28,"column":6},"end":{"line":31,"column":7}},{"start":{},"end":{}}],"line":28},"1":{"loc":{"start":{"line":42,"column":20},"end":{"line":42,"column":78}},"type":"cond-expr","locations":[{"start":{"line":42,"column":51},"end":{"line":42,"column":61}},{"start":{"line":42,"column":64},"end":{"line":42,"column":78}}],"line":42},"2":{"loc":{"start":{"line":80,"column":35},"end":{"line":80,"column":66}},"type":"cond-expr","locations":[{"start":{"line":80,"column":42},"end":{"line":80,"column":54}},{"start":{"line":80,"column":57},"end":{"line":80,"column":66}}],"line":80},"3":{"loc":{"start":{"line":82,"column":35},"end":{"line":82,"column":60}},"type":"cond-expr","locations":[{"start":{"line":82,"column":42},"end":{"line":82,"column":48}},{"start":{"line":82,"column":51},"end":{"line":82,"column":60}}],"line":82}},"s":{"0":0,"1":0,"2":0,"3":0,"4":0,"5":0,"6":0,"7":0,"8":0,"9":0,"10":0,"11":0,"12":0,"13":0,"14":0,"15":0,"16":0,"17":0,"18":0,"19":0,"20":0,"21":0,"22":0,"23":0,"24":0,"25":0,"26":0,"27":0,"28":0,"29":0,"30":0},"f":{"0":0,"1":0,"2":0,"3":0,"4":0,"5":0,"6":0,"7":0,"8":0,"9":0,"10":0},"b":{"0":[0,0],"1":[0,0],"2":[0,0],"3":[0,0]}}
,"/Users/piraveenankirupakaran/Documents/COMP0111/Alert-Hub-Frontend/src/utils/PrivateRoute.tsx": {"path":"/Users/piraveenankirupakaran/Documents/COMP0111/Alert-Hub-Frontend/src/utils/PrivateRoute.tsx","statementMap":{"0":{"start":{"line":23,"column":22},"end":{"line":64,"column":1}},"1":{"start":{"line":24,"column":48},"end":{"line":24,"column":63}},"2":{"start":{"line":25,"column":36},"end":{"line":25,"column":50}},"3":{"start":{"line":26,"column":19},"end":{"line":28,"column":4}},"4":{"start":{"line":30,"column":22},"end":{"line":30,"column":45}},"5":{"start":{"line":32,"column":2},"end":{"line":53,"column":28}},"6":{"start":{"line":33,"column":4},"end":{"line":52,"column":9}},"7":{"start":{"line":35,"column":8},"end":{"line":35,"column":49}},"8":{"start":{"line":36,"column":8},"end":{"line":44,"column":9}},"9":{"start":{"line":37,"column":10},"end":{"line":37,"column":35}},"10":{"start":{"line":38,"column":10},"end":{"line":38,"column":30}},"11":{"start":{"line":40,"column":10},"end":{"line":40,"column":36}},"12":{"start":{"line":41,"column":10},"end":{"line":41,"column":30}},"13":{"start":{"line":42,"column":10},"end":{"line":42,"column":36}},"14":{"start":{"line":43,"column":10},"end":{"line":43,"column":54}},"15":{"start":{"line":47,"column":8},"end":{"line":47,"column":34}},"16":{"start":{"line":48,"column":8},"end":{"line":48,"column":28}},"17":{"start":{"line":49,"column":8},"end":{"line":49,"column":34}},"18":{"start":{"line":51,"column":8},"end":{"line":51,"column":59}},"19":{"start":{"line":55,"column":2},"end":{"line":57,"column":3}},"20":{"start":{"line":56,"column":4},"end":{"line":56,"column":17}},"21":{"start":{"line":59,"column":2},"end":{"line":63,"column":4}}},"fnMap":{"0":{"name":"(anonymous_0)","decl":{"start":{"line":23,"column":22},"end":{"line":23,"column":23}},"loc":{"start":{"line":23,"column":28},"end":{"line":64,"column":1}},"line":23},"1":{"name":"(anonymous_1)","decl":{"start":{"line":32,"column":12},"end":{"line":32,"column":13}},"loc":{"start":{"line":32,"column":18},"end":{"line":53,"column":3}},"line":32},"2":{"name":"(anonymous_2)","decl":{"start":{"line":34,"column":12},"end":{"line":34,"column":13}},"loc":{"start":{"line":34,"column":28},"end":{"line":45,"column":7}},"line":34},"3":{"name":"(anonymous_3)","decl":{"start":{"line":46,"column":13},"end":{"line":46,"column":14}},"loc":{"start":{"line":46,"column":24},"end":{"line":52,"column":7}},"line":46}},"branchMap":{"0":{"loc":{"start":{"line":36,"column":8},"end":{"line":44,"column":9}},"type":"if","locations":[{"start":{"line":36,"column":8},"end":{"line":44,"column":9}},{"start":{"line":39,"column":15},"end":{"line":44,"column":9}}],"line":36},"1":{"loc":{"start":{"line":55,"column":2},"end":{"line":57,"column":3}},"type":"if","locations":[{"start":{"line":55,"column":2},"end":{"line":57,"column":3}},{"start":{},"end":{}}],"line":55},"2":{"loc":{"start":{"line":59,"column":9},"end":{"line":63,"column":3}},"type":"cond-expr","locations":[{"start":{"line":60,"column":4},"end":{"line":60,"column":14}},{"start":{"line":62,"column":4},"end":{"line":62,"column":36}}],"line":59},"3":{"loc":{"start":{"line":59,"column":9},"end":{"line":59,"column":38}},"type":"binary-expr","locations":[{"start":{"line":59,"column":9},"end":{"line":59,"column":24}},{"start":{"line":59,"column":28},"end":{"line":59,"column":38}}],"line":59}},"s":{"0":0,"1":0,"2":0,"3":0,"4":0,"5":0,"6":0,"7":0,"8":0,"9":0,"10":0,"11":0,"12":0,"13":0,"14":0,"15":0,"16":0,"17":0,"18":0,"19":0,"20":0,"21":0},"f":{"0":0,"1":0,"2":0,"3":0},"b":{"0":[0,0],"1":[0,0],"2":[0,0],"3":[0,0]}}
}
